#
# A fatal error has been detected by the Java Runtime Environment:
#
#  EXCEPTION_ACCESS_VIOLATION (0xc0000005) at pc=0x000000006100d647, pid=1184, tid=5116
#
# JRE version: Java(TM) SE Runtime Environment (7.0_67-b01) (build 1.7.0_67-b01)
# Java VM: Java HotSpot(TM) 64-Bit Server VM (24.65-b04 mixed mode windows-amd64 compressed oops)
# Problematic frame:
# V  [jvm.dll+0x1cd647]
#
# Failed to write core dump. Minidumps are not enabled by default on client versions of Windows
#
# If you would like to submit a bug report, please visit:
#   http://bugreport.sun.com/bugreport/crash.jsp
#

---------------  T H R E A D  ---------------

Current thread (0x000000000c9c1000):  JavaThread "stdout" daemon [_thread_in_vm, id=5116, stack(0x0000000013320000,0x0000000013420000)]

siginfo: ExceptionCode=0xc0000005, writing address 0x000000001341a630

Registers:
RAX=0x000000001341a630, RBX=0x0000000000000006, RCX=0x0000000000005000, RDX=0x00000000133291a0
RSP=0x000000001341f630, RBP=0x0000000000000000, RSI=0x000000001341f630, RDI=0x0000000000000006
R8 =0x0000000000000009, R9 =0x000000000c9c1000, R10=0x000000001341f870, R11=0x000000001341f950
R12=0x000000001341f950, R13=0x000000001341f778, R14=0x000000001341f880, R15=0x00000000028d0840
RIP=0x000000006100d647, EFLAGS=0x0000000000010206

Top of Stack: (sp=0x000000001341f630)
0x000000001341f630:   000000000c583500 0000000000000002
0x000000001341f640:   000007fefc010000 0000000060edf5a3
0x000000001341f650:   0000000000000000 000000006100e18a
0x000000001341f660:   000000001341f800 000000000c583500
0x000000001341f670:   000000000c9c1000 000000000c9c1000
0x000000001341f680:   0000000000000000 0000000000000000
0x000000001341f690:   0000000000000000 0000000060ee274d
0x000000001341f6a0:   000000000c9c1000 0000000000000001
0x000000001341f6b0:   0000000076e5e660 00000000ffffffff
0x000000001341f6c0:   000000000c583500 0000000000000005
0x000000001341f6d0:   000000000c9c1000 000007fef79d6d09
0x000000001341f6e0:   0000000000000002 0000000000000000
0x000000001341f6f0:   0000000000000000 0000000002405410
0x000000001341f700:   000000000c9c1000 000000001341f880
0x000000001341f710:   0000000002406d40 000000001341f950
0x000000001341f720:   0000000000000000 0000000002406d40 

Instructions: (pc=0x000000006100d647)
0x000000006100d627:   48 89 6c 24 30 33 ed 66 90 e8 3b b4 07 00 ff c3
0x000000006100d637:   48 63 c8 48 8b c6 48 0f af cf 48 ff c7 48 2b c1
0x000000006100d647:   89 28 48 63 c3 48 3b 05 dd c0 52 00 7e db 48 8b
0x000000006100d657:   6c 24 30 48 8b 5c 24 38 48 8b 74 24 40 48 83 c4 


Register to memory mapping:

RAX=0x000000001341a630 is pointing into the stack for thread: 0x000000000c9c1000
RBX=0x0000000000000006 is an unknown value
RCX=0x0000000000005000 is an unknown value
RDX=0x00000000133291a0 is pointing into the stack for thread: 0x000000000c9c1000
RSP=0x000000001341f630 is pointing into the stack for thread: 0x000000000c9c1000
RBP=0x0000000000000000 is an unknown value
RSI=0x000000001341f630 is pointing into the stack for thread: 0x000000000c9c1000
RDI=0x0000000000000006 is an unknown value
R8 =0x0000000000000009 is an unknown value
R9 =0x000000000c9c1000 is a thread
R10=0x000000001341f870 is pointing into the stack for thread: 0x000000000c9c1000
R11=0x000000001341f950 is pointing into the stack for thread: 0x000000000c9c1000
R12=0x000000001341f950 is pointing into the stack for thread: 0x000000000c9c1000
R13=0x000000001341f778 is pointing into the stack for thread: 0x000000000c9c1000
R14=0x000000001341f880 is pointing into the stack for thread: 0x000000000c9c1000
R15=0x00000000028d0840 is at code_begin+0 in an Interpreter codelet
method entry point (kind = zerolocals)  [0x00000000028d0840, 0x00000000028d0b40]  768 bytes


Stack: [0x0000000013320000,0x0000000013420000],  sp=0x000000001341f630,  free space=1021k
Native frames: (J=compiled Java code, j=interpreted, Vv=VM code, C=native code)
V  [jvm.dll+0x1cd647]
