#
# There is insufficient memory for the Java Runtime Environment to continue.
# Native memory allocation (malloc) failed to allocate 32744 bytes for ChunkPool::allocate
# Possible reasons:
#   The system is out of physical RAM or swap space
#   In 32 bit mode, the process size limit was hit
# Possible solutions:
#   Reduce memory load on the system
#   Increase physical memory or swap space
#   Check if swap backing store is full
#   Use 64 bit Java on a 64 bit OS
#   Decrease Java heap size (-Xmx/-Xms)
#   Decrease number of Java threads
#   Decrease Java thread stack sizes (-Xss)
#   Set larger code cache with -XX:ReservedCodeCacheSize=
# This output file may be truncated or incomplete.
#
#  Out of Memory Error (allocation.cpp:273), pid=6992, tid=6232
#
# JRE version: Java(TM) SE Runtime Environment (8.0_20-b26) (build 1.8.0_20-b26)
# Java VM: Java HotSpot(TM) 64-Bit Server VM (25.20-b23 mixed mode windows-amd64 compressed oops)
# Failed to write core dump. Minidumps are not enabled by default on client versions of Windows
#

---------------  T H R E A D  ---------------

Current thread (0x000000005552e000):  JavaThread "C1 CompilerThread2" daemon [_thread_in_native, id=6232, stack(0x0000000057570000,0x0000000057670000)]

Stack: [0x0000000057570000,0x0000000057670000]
Native frames: (J=compiled Java code, j=interpreted, Vv=VM code, C=native code)
V  [jvm.dll+0x3152fa]


Current CompileTask:
C1:    658   26       3      
[error occurred during error reporting (printing current compile task), id 0xe0000001]


---------------  P R O C E S S  ---------------

Java Threads: ( => current thread )
  0x00000000576d8000 JavaThread "Service Thread" daemon [_thread_blocked, id=5756, stack(0x0000000057a70000,0x0000000057b70000)]
=>0x000000005552e000 JavaThread "C1 CompilerThread2" daemon [_thread_in_native, id=6232, stack(0x0000000057570000,0x0000000057670000)]
  0x000000005552b800 JavaThread "C2 CompilerThread1" daemon [_thread_blocked, id=5244, stack(0x00000000573a0000,0x00000000574a0000)]
  0x0000000055527800 JavaThread "C2 CompilerThread0" daemon [_thread_blocked, id=5788, stack(0x0000000057270000,0x0000000057370000)]
  0x0000000055526000 JavaThread "Attach Listener" daemon [_thread_blocked, id=168, stack(0x0000000057110000,0x0000000057210000)]
  0x0000000055522800 JavaThread "Signal Dispatcher" daemon [_thread_blocked, id=6652, stack(0x0000000056f80000,0x0000000057080000)]
  0x00000000554c4800 JavaThread "Finalizer" daemon [_thread_blocked, id=6696, stack(0x0000000056e60000,0x0000000056f60000)]
  0x00000000554bb800 JavaThread "Reference Handler" daemon [_thread_blocked, id=3788, stack(0x0000000056cd0000,0x0000000056dd0000)]
  0x00000000023df800 JavaThread "main" [_thread_in_vm, id=3028, stack(0x0000000002590000,0x0000000002690000)]

Other Threads:
  0x00000000554b6000 VMThread [stack: 0x0000000056b90000,0x0000000056c90000] [id=4004]
  0x00000000576de000 WatcherThread [stack: 0x0000000057bc0000,0x0000000057cc0000] [id=6500]

VM state:not at safepoint (normal execution)

VM Mutex/Monitor currently owned by a thread: None

Heap:
 PSYoungGen      total 17920K, used 1229K [0x00000000eab00000, 0x00000000ebf00000, 0x0000000100000000)
  eden space 15360K, 8% used [0x00000000eab00000,0x00000000eac33420,0x00000000eba00000)
  from space 2560K, 0% used [0x00000000ebc80000,0x00000000ebc80000,0x00000000ebf00000)
  to   space 2560K, 0% used [0x00000000eba00000,0x00000000eba00000,0x00000000ebc80000)
 ParOldGen       total 40960K, used 0K [0x00000000c0000000, 0x00000000c2800000, 0x00000000eab00000)
  object space 40960K, 0% used [0x00000000c0000000,0x00000000c0000000,0x00000000c2800000)
 Metaspace       used 2528K, capacity 4480K, committed 4480K, reserved 1056768K
  class space    used 273K, capacity 384K, committed 384K, reserved 1048576K

Card table byte_map: [0x0000000011d20000,0x0000000011f30000] byte_map_base: 0x0000000011720000

Marking Bits: (ParMarkBitMap*) 0x00000000562bb460
 Begin Bits: [0x0000000012930000, 0x0000000013930000)
 End Bits:   [0x0000000013930000, 0x0000000014930000)

Polling page: 0x0000000002390000

CodeCache: size=245760Kb used=1098Kb max_used=1098Kb free=244661Kb
 bounds [0x0000000002960000, 0x0000000002bd0000, 0x0000000011960000]
 total_blobs=256 nmethods=25 adapters=146
 compilation: enabled

Compilation events (10 events):
Event: 0.524 Thread 0x000000005552b800 nmethod 21 0x0000000002a717d0 code [0x0000000002a71900, 0x0000000002a71998]
Event: 0.557 Thread 0x000000005552e000   22       3       java.util.Arrays::copyOfRange (63 bytes)
Event: 0.561 Thread 0x000000005552e000 nmethod 22 0x0000000002a6efd0 code [0x0000000002a6f1e0, 0x0000000002a6fcb8]
Event: 0.561 Thread 0x000000005552e000   23       3       java.lang.String::<init> (62 bytes)
Event: 0.562 Thread 0x000000005552e000 nmethod 23 0x0000000002a71a50 code [0x0000000002a71c00, 0x0000000002a72038]
Event: 0.605 Thread 0x000000005552e000   24       3       java.io.BufferedInputStream::getBufIfOpen (21 bytes)
Event: 0.605 Thread 0x000000005552e000 nmethod 24 0x0000000002a6eb50 code [0x0000000002a6ecc0, 0x0000000002a6eee8]
Event: 0.606 Thread 0x000000005552e000   25  s    3       java.io.BufferedInputStream::read (49 bytes)
Event: 0.607 Thread 0x000000005552e000 nmethod 25 0x0000000002a72250 code [0x0000000002a723e0, 0x0000000002a72918]
Event: 0.650 Thread 0x000000005552e000   26       3       java.io.DataInputStream::readUTF (501 bytes)

GC Heap History (0 events):
No events

Deoptimization events (0 events):
No events

Internal exceptions (3 events):
Event: 0.251 Thread 0x00000000023df800 Exception <a 'java/lang/NoSuchMethodError': Method sun.misc.Unsafe.defineClass(Ljava/lang/String;[BII)Ljava/lang/Class; name or signature does not match> (0x00000000eab0c9b0) thrown at [D:\re\workspace\8-2-build-windows-amd64-cygwin\jdk8u20\1074\hotspot\sr¬cØQÐ?
Event: 0.251 Thread 0x00000000023df800 Exception <a 'java/lang/NoSuchMethodError': Method sun.misc.Unsafe.prefetchRead(Ljava/lang/Object;J)V name or signature does not match> (0x00000000eab0cc40) thrown at [D:\re\workspace\8-2-build-windows-amd64-cygwin\jdk8u20\1074\hotspot\src\share\vm\prims\jX}U%3_à?
Event: 0.512 Thread 0x00000000023df800 Exception <a 'java/security/PrivilegedActionException'> (0x00000000eabacb20) thrown at [D:\re\workspace\8-2-build-windows-amd64-cygwin\jdk8u20\1074\hotspot\src\share\vm\prims\jvm.cpp, line 1275]

Events (10 events):
Event: 0.544 loading class sun/util/calendar/ZoneInfo
Event: 0.545 loading class sun/util/calendar/ZoneInfo done
Event: 0.545 loading class sun/util/calendar/ZoneInfoFile
Event: 0.546 loading class sun/util/calendar/ZoneInfoFile done
Event: 0.546 loading class sun/util/calendar/ZoneInfoFile$1
Event: 0.547 loading class sun/util/calendar/ZoneInfoFile$1 done
Event: 0.547 loading class java/io/DataInputStream
Event: 0.547 loading class java/io/DataInput
Event: 0.547 loading class java/io/DataInput done
Event: 0.547 loading class java/io/DataInputStream done


Dynamic libraries:
0x000000013ff30000 - 0x000000013ff64000 	C:\Program Files (x86)\Java\jdk1.8.0_20\bin\java.exe
0x00000000774e0000 - 0x0000000077689000 	C:\Windows\SYSTEM32\ntdll.dll
0x00000000772c0000 - 0x00000000773e0000 	C:\Windows\system32\kernel32.dll
0x000007fefd450000 - 0x000007fefd4bc000 	C:\Windows\system32\KERNELBASE.dll
0x0000000074f90000 - 0x0000000075017000 	C:\Windows\System32\SYSFER.DLL
0x000007fefde70000 - 0x000007fefdf4b000 	C:\Windows\system32\ADVAPI32.dll
0x000007fefd650000 - 0x000007fefd6ef000 	C:\Windows\system32\msvcrt.dll
0x000007fefe940000 - 0x000007fefe95f000 	C:\Windows\SYSTEM32\sechost.dll
0x000007fefe560000 - 0x000007fefe68d000 	C:\Windows\system32\RPCRT4.dll
0x00000000773e0000 - 0x00000000774da000 	C:\Windows\system32\USER32.dll
0x000007fefd8c0000 - 0x000007fefd927000 	C:\Windows\system32\GDI32.dll
0x000007fefe690000 - 0x000007fefe69e000 	C:\Windows\system32\LPK.dll
0x000007feff720000 - 0x000007feff7e9000 	C:\Windows\system32\USP10.dll
0x000007fefbcd0000 - 0x000007fefbec4000 	C:\Windows\WinSxS\amd64_microsoft.windows.common-controls_6595b64144ccf1df_6.0.7601.18837_none_fa3b1e3d17594757\COMCTL32.dll
0x000007fefdf50000 - 0x000007fefdfc1000 	C:\Windows\system32\SHLWAPI.dll
0x000007feff6f0000 - 0x000007feff71e000 	C:\Windows\system32\IMM32.DLL
0x000007fefe6a0000 - 0x000007fefe7a9000 	C:\Windows\system32\MSCTF.dll
0x000000005a840000 - 0x000000005a912000 	C:\Program Files (x86)\Java\jdk1.8.0_20\jre\bin\msvcr100.dll
0x0000000055ae0000 - 0x0000000056338000 	C:\Program Files (x86)\Java\jdk1.8.0_20\jre\bin\server\jvm.dll
0x000007fef1b70000 - 0x000007fef1b79000 	C:\Windows\system32\WSOCK32.dll
0x000007fefd770000 - 0x000007fefd7bd000 	C:\Windows\system32\WS2_32.dll
0x000007fefd640000 - 0x000007fefd648000 	C:\Windows\system32\NSI.dll
0x000007fefadd0000 - 0x000007fefae0b000 	C:\Windows\system32\WINMM.dll
0x00000000776a0000 - 0x00000000776a7000 	C:\Windows\system32\PSAPI.DLL
0x0000000070530000 - 0x000000007053f000 	C:\Program Files (x86)\Java\jdk1.8.0_20\jre\bin\verify.dll
0x0000000070050000 - 0x0000000070078000 	C:\Program Files (x86)\Java\jdk1.8.0_20\jre\bin\java.dll
0x0000000070030000 - 0x0000000070046000 	C:\Program Files (x86)\Java\jdk1.8.0_20\jre\bin\zip.dll
0x000007fefe960000 - 0x000007feff6e9000 	C:\Windows\system32\SHELL32.dll
0x000007fefe0b0000 - 0x000007fefe2b3000 	C:\Windows\system32\ole32.dll
0x000007fefd290000 - 0x000007fefd29f000 	C:\Windows\system32\profapi.dll

VM Arguments:
jvm_args: -Xmx1024M -Dfile.encoding=windows-1252 -Duser.country=FR -Duser.language=fr -Duser.variant 
java_command: com.android.dx.command.Main --dex --num-threads=4 --output D:\Users\tamiand\Desktop\projetWhatIEat\projetWhatIEat\WhatIEat\app\build\intermediates\pre-dexed\debug\retrofit-2.0.0-beta2-4cda6fd877de58e9a0c5fdf14971b8e556aa2e54.jar D:\Users\tamiand\.gradle\caches\modules-2\files-2.1\com.squareup.retrofit\retrofit\2.0.0-beta2\880d9e0997b2d1bfc98e0d121ced33ee5d04aac4\retrofit-2.0.0-beta2.jar
java_class_path (initial): D:\androidStudio\sdk\build-tools\23.0.1\lib\dx.jar
Launcher Type: SUN_STANDARD

Environment Variables:



---------------  S Y S T E M  ---------------

OS: Windows 7 , 64 bit Build 7601 Service Pack 1

CPU:total 4 (2 cores per cpu, 2 threads per core) family 6 model 60 stepping 3, cmov, cx8, fxsr, mmx, sse, sse2, sse3, ssse3, sse4.1, sse4.2, popcnt, avx, avx2, aes, clmul, erms, rtm, lzcnt, ht, tsc, tscinvbit, bmi1, bmi2

Memory: 4k page, physical 3874556k(680420k free), swap 5420268k(3292k free)

vm_info: Java HotSpot(TM) 64-Bit Server VM (25.20-b23) for windows-amd64 JRE (1.8.0_20-b26), built on Jul 30 2014 13:51:23 by "java_re" with MS VC++ 10.0 (VS2010)

time: Fri Mar 04 10:58:12 2016
elapsed time: 0 seconds (0d 0h 0m 0s)

