#
# There is insufficient memory for the Java Runtime Environment to continue.
# Native memory allocation (malloc) failed to allocate 6528 bytes for AllocateHeap
# Possible reasons:
#   The system is out of physical RAM or swap space
#   In 32 bit mode, the process size limit was hit
# Possible solutions:
#   Reduce memory load on the system
#   Increase physical memory or swap space
#   Check if swap backing store is full
#   Use 64 bit Java on a 64 bit OS
#   Decrease Java heap size (-Xmx/-Xms)
#   Decrease number of Java threads
#   Decrease Java thread stack sizes (-Xss)
#   Set larger code cache with -XX:ReservedCodeCacheSize=
# This output file may be truncated or incomplete.
#
#  Out of Memory Error (memory/allocation.inline.hpp:62), pid=2472, tid=488
#
# JRE version: Java(TM) SE Runtime Environment (8.0_20-b26) (build 1.8.0_20-b26)
# Java VM: Java HotSpot(TM) 64-Bit Server VM (25.20-b23 mixed mode windows-amd64 compressed oops)
# Failed to write core dump. Minidumps are not enabled by default on client versions of Windows
#

---------------  T H R E A D  ---------------

Current thread (0x000000005528c000):  JavaThread "C2 CompilerThread1" daemon [_thread_in_vm, id=488, stack(0x00000000575b0000,0x00000000576b0000)]

Stack: [0x00000000575b0000,0x00000000576b0000]
Native frames: (J=compiled Java code, j=interpreted, Vv=VM code, C=native code)
V  [jvm.dll+0x3152fa]


Current CompileTask:
C2:  20001 1958       4       com.android.dx.ssa.SsaConverter::edgeSplitSuccessors (98 bytes)


---------------  P R O C E S S  ---------------

Java Threads: ( => current thread )
  0x0000000057924000 JavaThread "pool-1-thread-4" [_thread_in_Java, id=5216, stack(0x00000000584b0000,0x00000000585b0000)]
  0x0000000057921800 JavaThread "pool-1-thread-3" [_thread_blocked, id=3732, stack(0x00000000582d0000,0x00000000583d0000)]
  0x000000005791e800 JavaThread "pool-1-thread-2" [_thread_blocked, id=6964, stack(0x0000000058100000,0x0000000058200000)]
  0x000000005791b800 JavaThread "pool-2-thread-1" [_thread_blocked, id=6372, stack(0x0000000057b20000,0x0000000057c20000)]
  0x0000000057915800 JavaThread "pool-1-thread-1" [_thread_in_Java, id=6636, stack(0x0000000057e30000,0x0000000057f30000)]
  0x0000000057714000 JavaThread "Service Thread" daemon [_thread_blocked, id=3080, stack(0x00000000574b0000,0x00000000575b0000)]
  0x000000005528e000 JavaThread "C1 CompilerThread2" daemon [_thread_blocked, id=5632, stack(0x0000000057260000,0x0000000057360000)]
=>0x000000005528c000 JavaThread "C2 CompilerThread1" daemon [_thread_in_vm, id=488, stack(0x00000000575b0000,0x00000000576b0000)]
  0x0000000055287800 JavaThread "C2 CompilerThread0" daemon [_thread_in_native, id=5172, stack(0x0000000057390000,0x0000000057490000)]
  0x0000000055286000 JavaThread "Attach Listener" daemon [_thread_blocked, id=2800, stack(0x00000000570f0000,0x00000000571f0000)]
  0x0000000055283000 JavaThread "Signal Dispatcher" daemon [_thread_blocked, id=6772, stack(0x0000000056fe0000,0x00000000570e0000)]
  0x0000000055224800 JavaThread "Finalizer" daemon [_thread_blocked, id=6564, stack(0x0000000056b50000,0x0000000056c50000)]
  0x000000005521b800 JavaThread "Reference Handler" daemon [_thread_blocked, id=5100, stack(0x0000000056e70000,0x0000000056f70000)]
  0x000000000249f800 JavaThread "main" [_thread_blocked, id=5304, stack(0x0000000002700000,0x0000000002800000)]

Other Threads:
  0x0000000055216000 VMThread [stack: 0x0000000056c80000,0x0000000056d80000] [id=5148]
  0x0000000057717800 WatcherThread [stack: 0x0000000057c60000,0x0000000057d60000] [id=5276]

VM state:not at safepoint (normal execution)

VM Mutex/Monitor currently owned by a thread:  ([mutex/lock_event])
[0x0000000002498f90] CodeCache_lock - owner thread: 0x000000005528c000
[0x000000000249d390] Compile_lock - owner thread: 0x000000005528c000
[0x000000000249d490] MethodCompileQueue_lock - owner thread: 0x000000005528c000

Heap:
 PSYoungGen      total 64000K, used 41499K [0x00000000eab00000, 0x00000000f3b00000, 0x0000000100000000)
  eden space 61440K, 63% used [0x00000000eab00000,0x00000000ed10dac0,0x00000000ee700000)
  from space 2560K, 98% used [0x00000000ee700000,0x00000000ee979358,0x00000000ee980000)
  to   space 12288K, 0% used [0x00000000f2f00000,0x00000000f2f00000,0x00000000f3b00000)
 ParOldGen       total 40960K, used 22185K [0x00000000c0000000, 0x00000000c2800000, 0x00000000eab00000)
  object space 40960K, 54% used [0x00000000c0000000,0x00000000c15aa458,0x00000000c2800000)
 Metaspace       used 6270K, capacity 7154K, committed 7296K, reserved 1056768K
  class space    used 604K, capacity 618K, committed 640K, reserved 1048576K

Card table byte_map: [0x0000000011e90000,0x00000000120a0000] byte_map_base: 0x0000000011890000

Marking Bits: (ParMarkBitMap*) 0x00000000562bb460
 Begin Bits: [0x0000000012690000, 0x0000000013690000)
 End Bits:   [0x0000000013690000, 0x0000000014690000)

Polling page: 0x0000000000350000

CodeCache: size=245760Kb used=7960Kb max_used=7960Kb free=237799Kb
 bounds [0x0000000002ad0000, 0x00000000032a0000, 0x0000000011ad0000]
 total_blobs=2136 nmethods=1868 adapters=178
 compilation: enabled

Compilation events (10 events):
Event: 19.709 Thread 0x000000005528e000 1996       2       com.android.dx.cf.code.ByteCatchList::set (21 bytes)
Event: 19.712 Thread 0x000000005528e000 nmethod 1996 0x000000000324bbd0 code [0x000000000324bd80, 0x000000000324c1f8]
Event: 19.724 Thread 0x000000005528e000 1997   !   2       com.android.dx.dex.cf.CfTranslator::processFields (251 bytes)
Event: 19.734 Thread 0x000000005528e000 nmethod 1997 0x00000000032493d0 code [0x0000000003249700, 0x000000000324a3c8]
Event: 19.774 Thread 0x000000005528e000 1999 %     3       com.android.dx.rop.code.LocalVariableExtractor::processBlock @ 266 (327 bytes)
Event: 19.788 Thread 0x000000005528e000 nmethod 1999% 0x000000000328a390 code [0x000000000328a800, 0x000000000328e1f8]
Event: 19.795 Thread 0x000000005528e000 2001       1       com.android.dx.rop.cst.CstType::getType (4 bytes)
Event: 19.796 Thread 0x000000005528e000 nmethod 2001 0x000000000324d8d0 code [0x000000000324da20, 0x000000000324db30]
Event: 19.906 Thread 0x000000005528e000 2002  s    2       java.io.ByteArrayOutputStream::write (66 bytes)
Event: 19.908 Thread 0x000000005528e000 nmethod 2002 0x0000000003248bd0 code [0x0000000003248d60, 0x00000000032491e8]

GC Heap History (10 events):
Event: 3.439 GC heap before
{Heap before GC invocations=1 (full 0):
 PSYoungGen      total 17920K, used 15360K [0x00000000eab00000, 0x00000000ebf00000, 0x0000000100000000)
  eden space 15360K, 100% used [0x00000000eab00000,0x00000000eba00000,0x00000000eba00000)
  from space 2560K, 0% used [0x00000000ebc80000,0x00000000ebc80000,0x00000000ebf00000)
  to   space 2560K, 0% used [0x00000000eba00000,0x00000000eba00000,0x00000000ebc80000)
 ParOldGen       total 40960K, used 0K [0x00000000c0000000, 0x00000000c2800000, 0x00000000eab00000)
  object space 40960K, 0% used [0x00000000c0000000,0x00000000c0000000,0x00000000c2800000)
 Metaspace       used 5607K, capacity 6704K, committed 6784K, reserved 1056768K
  class space    used 575K, capacity 616K, committed 640K, reserved 1048576K
Event: 3.666 GC heap after
Heap after GC invocations=1 (full 0):
 PSYoungGen      total 17920K, used 2535K [0x00000000eab00000, 0x00000000ece00000, 0x0000000100000000)
  eden space 15360K, 0% used [0x00000000eab00000,0x00000000eab00000,0x00000000eba00000)
  from space 2560K, 99% used [0x00000000eba00000,0x00000000ebc79c88,0x00000000ebc80000)
  to   space 2560K, 0% used [0x00000000ecb80000,0x00000000ecb80000,0x00000000ece00000)
 ParOldGen       total 40960K, used 1463K [0x00000000c0000000, 0x00000000c2800000, 0x00000000eab00000)
  object space 40960K, 3% used [0x00000000c0000000,0x00000000c016dd50,0x00000000c2800000)
 Metaspace       used 5607K, capacity 6704K, committed 6784K, reserved 1056768K
  class space    used 575K, capacity 616K, committed 640K, reserved 1048576K
}
Event: 4.626 GC heap before
{Heap before GC invocations=2 (full 0):
 PSYoungGen      total 17920K, used 17895K [0x00000000eab00000, 0x00000000ece00000, 0x0000000100000000)
  eden space 15360K, 100% used [0x00000000eab00000,0x00000000eba00000,0x00000000eba00000)
  from space 2560K, 99% used [0x00000000eba00000,0x00000000ebc79c88,0x00000000ebc80000)
  to   space 2560K, 0% used [0x00000000ecb80000,0x00000000ecb80000,0x00000000ece00000)
 ParOldGen       total 40960K, used 1463K [0x00000000c0000000, 0x00000000c2800000, 0x00000000eab00000)
  object space 40960K, 3% used [0x00000000c0000000,0x00000000c016dd50,0x00000000c2800000)
 Metaspace       used 5868K, capacity 6896K, committed 7040K, reserved 1056768K
  class space    used 584K, capacity 616K, committed 640K, reserved 1048576K
Event: 5.598 GC heap after
Heap after GC invocations=2 (full 0):
 PSYoungGen      total 33280K, used 2536K [0x00000000eab00000, 0x00000000ece00000, 0x0000000100000000)
  eden space 30720K, 0% used [0x00000000eab00000,0x00000000eab00000,0x00000000ec900000)
  from space 2560K, 99% used [0x00000000ecb80000,0x00000000ecdfa320,0x00000000ece00000)
  to   space 2560K, 0% used [0x00000000ec900000,0x00000000ec900000,0x00000000ecb80000)
 ParOldGen       total 40960K, used 3685K [0x00000000c0000000, 0x00000000c2800000, 0x00000000eab00000)
  object space 40960K, 8% used [0x00000000c0000000,0x00000000c0399690,0x00000000c2800000)
 Metaspace       used 5868K, capacity 6896K, committed 7040K, reserved 1056768K
  class space    used 584K, capacity 616K, committed 640K, reserved 1048576K
}
Event: 6.932 GC heap before
{Heap before GC invocations=3 (full 0):
 PSYoungGen      total 33280K, used 33256K [0x00000000eab00000, 0x00000000ece00000, 0x0000000100000000)
  eden space 30720K, 100% used [0x00000000eab00000,0x00000000ec900000,0x00000000ec900000)
  from space 2560K, 99% used [0x00000000ecb80000,0x00000000ecdfa320,0x00000000ece00000)
  to   space 2560K, 0% used [0x00000000ec900000,0x00000000ec900000,0x00000000ecb80000)
 ParOldGen       total 40960K, used 3685K [0x00000000c0000000, 0x00000000c2800000, 0x00000000eab00000)
  object space 40960K, 8% used [0x00000000c0000000,0x00000000c0399690,0x00000000c2800000)
 Metaspace       used 6141K, capacity 7090K, committed 7296K, reserved 1056768K
  class space    used 603K, capacity 618K, committed 640K, reserved 1048576K
Event: 8.977 GC heap after
Heap after GC invocations=3 (full 0):
 PSYoungGen      total 33280K, used 2547K [0x00000000eab00000, 0x00000000eec00000, 0x0000000100000000)
  eden space 30720K, 0% used [0x00000000eab00000,0x00000000eab00000,0x00000000ec900000)
  from space 2560K, 99% used [0x00000000ec900000,0x00000000ecb7cd28,0x00000000ecb80000)
  to   space 2560K, 0% used [0x00000000ee980000,0x00000000ee980000,0x00000000eec00000)
 ParOldGen       total 40960K, used 8250K [0x00000000c0000000, 0x00000000c2800000, 0x00000000eab00000)
  object space 40960K, 20% used [0x00000000c0000000,0x00000000c080e848,0x00000000c2800000)
 Metaspace       used 6141K, capacity 7090K, committed 7296K, reserved 1056768K
  class space    used 603K, capacity 618K, committed 640K, reserved 1048576K
}
Event: 14.758 GC heap before
{Heap before GC invocations=4 (full 0):
 PSYoungGen      total 33280K, used 33267K [0x00000000eab00000, 0x00000000eec00000, 0x0000000100000000)
  eden space 30720K, 100% used [0x00000000eab00000,0x00000000ec900000,0x00000000ec900000)
  from space 2560K, 99% used [0x00000000ec900000,0x00000000ecb7cd28,0x00000000ecb80000)
  to   space 2560K, 0% used [0x00000000ee980000,0x00000000ee980000,0x00000000eec00000)
 ParOldGen       total 40960K, used 8250K [0x00000000c0000000, 0x00000000c2800000, 0x00000000eab00000)
  object space 40960K, 20% used [0x00000000c0000000,0x00000000c080e848,0x00000000c2800000)
 Metaspace       used 6179K, capacity 7090K, committed 7296K, reserved 1056768K
  class space    used 604K, capacity 618K, committed 640K, reserved 1048576K
Event: 14.798 GC heap after
Heap after GC invocations=4 (full 0):
 PSYoungGen      total 64000K, used 2532K [0x00000000eab00000, 0x00000000eec00000, 0x0000000100000000)
  eden space 61440K, 0% used [0x00000000eab00000,0x00000000eab00000,0x00000000ee700000)
  from space 2560K, 98% used [0x00000000ee980000,0x00000000eebf9358,0x00000000eec00000)
  to   space 2560K, 0% used [0x00000000ee700000,0x00000000ee700000,0x00000000ee980000)
 ParOldGen       total 40960K, used 12684K [0x00000000c0000000, 0x00000000c2800000, 0x00000000eab00000)
  object space 40960K, 30% used [0x00000000c0000000,0x00000000c0c63120,0x00000000c2800000)
 Metaspace       used 6179K, capacity 7090K, committed 7296K, reserved 1056768K
  class space    used 604K, capacity 618K, committed 640K, reserved 1048576K
}
Event: 17.286 GC heap before
{Heap before GC invocations=5 (full 0):
 PSYoungGen      total 64000K, used 63972K [0x00000000eab00000, 0x00000000eec00000, 0x0000000100000000)
  eden space 61440K, 100% used [0x00000000eab00000,0x00000000ee700000,0x00000000ee700000)
  from space 2560K, 98% used [0x00000000ee980000,0x00000000eebf9358,0x00000000eec00000)
  to   space 2560K, 0% used [0x00000000ee700000,0x00000000ee700000,0x00000000ee980000)
 ParOldGen       total 40960K, used 12684K [0x00000000c0000000, 0x00000000c2800000, 0x00000000eab00000)
  object space 40960K, 30% used [0x00000000c0000000,0x00000000c0c63120,0x00000000c2800000)
 Metaspace       used 6247K, capacity 7154K, committed 7296K, reserved 1056768K
  class space    used 604K, capacity 618K, committed 640K, reserved 1048576K
Event: 17.389 GC heap after
Heap after GC invocations=5 (full 0):
 PSYoungGen      total 64000K, used 2532K [0x00000000eab00000, 0x00000000f3b00000, 0x0000000100000000)
  eden space 61440K, 0% used [0x00000000eab00000,0x00000000eab00000,0x00000000ee700000)
  from space 2560K, 98% used [0x00000000ee700000,0x00000000ee979358,0x00000000ee980000)
  to   space 12288K, 0% used [0x00000000f2f00000,0x00000000f2f00000,0x00000000f3b00000)
 ParOldGen       total 40960K, used 22185K [0x00000000c0000000, 0x00000000c2800000, 0x00000000eab00000)
  object space 40960K, 54% used [0x00000000c0000000,0x00000000c15aa458,0x00000000c2800000)
 Metaspace       used 6247K, capacity 7154K, committed 7296K, reserved 1056768K
  class space    used 604K, capacity 618K, committed 640K, reserved 1048576K
}

Deoptimization events (10 events):
Event: 15.917 Thread 0x0000000057921800 Uncommon trap: reason=unreached action=reinterpret pc=0x0000000003163c30 method=com.android.dx.cf.code.BaseMachine.getLocalTarget(Z)Lcom/android/dx/rop/code/RegisterSpec; @ 131
Event: 16.117 Thread 0x000000005791e800 Uncommon trap: reason=bimorphic action=maybe_recompile pc=0x000000000317e5ac method=com.android.dx.ssa.LiteralOpUpgrader.tryReplacingWithConstant(Lcom/android/dx/ssa/NormalSsaInsn;)Z @ 62
Event: 16.128 Thread 0x000000005791e800 Uncommon trap: reason=bimorphic action=maybe_recompile pc=0x000000000317e5ac method=com.android.dx.ssa.LiteralOpUpgrader.tryReplacingWithConstant(Lcom/android/dx/ssa/NormalSsaInsn;)Z @ 62
Event: 16.282 Thread 0x0000000057924000 Uncommon trap: reason=unreached action=reinterpret pc=0x00000000030c9d04 method=com.android.dx.ssa.MoveParamCombiner$1.visitNonMoveInsn(Lcom/android/dx/ssa/NormalSsaInsn;)V @ 27
Event: 16.385 Thread 0x0000000057921800 Uncommon trap: reason=bimorphic action=maybe_recompile pc=0x000000000311b4d0 method=com.android.dx.cf.code.RopperMachine.run(Lcom/android/dx/cf/code/Frame;II)V @ 310
Event: 16.386 Thread 0x0000000057921800 Uncommon trap: reason=bimorphic action=maybe_recompile pc=0x000000000311b4d0 method=com.android.dx.cf.code.RopperMachine.run(Lcom/android/dx/cf/code/Frame;II)V @ 310
Event: 16.386 Thread 0x0000000057921800 Uncommon trap: reason=bimorphic action=maybe_recompile pc=0x000000000311b4d0 method=com.android.dx.cf.code.RopperMachine.run(Lcom/android/dx/cf/code/Frame;II)V @ 310
Event: 16.387 Thread 0x0000000057921800 Uncommon trap: reason=bimorphic action=maybe_recompile pc=0x000000000311b4d0 method=com.android.dx.cf.code.RopperMachine.run(Lcom/android/dx/cf/code/Frame;II)V @ 310
Event: 17.131 Thread 0x0000000057924000 Uncommon trap: reason=unreached action=reinterpret pc=0x000000000313c004 method=com.android.dx.rop.code.LocalVariableExtractor.processBlock(I)V @ 195
Event: 17.647 Thread 0x0000000057921800 Uncommon trap: reason=unreached action=reinterpret pc=0x00000000030f3eb0 method=com.android.dx.rop.code.LocalItem.compareHandlesNulls(Lcom/android/dx/rop/cst/CstString;Lcom/android/dx/rop/cst/CstString;)I @ 14

Internal exceptions (10 events):
Event: 4.005 Thread 0x0000000057921800 Exception <a 'java/security/PrivilegedActionException'> (0x00000000eabcf998) thrown at [D:\re\workspace\8-2-build-windows-amd64-cygwin\jdk8u20\1074\hotspot\src\share\vm\prims\jvm.cpp, line 1275]
Event: 4.030 Thread 0x0000000057921800 Exception <a 'java/security/PrivilegedActionException'> (0x00000000eabd5270) thrown at [D:\re\workspace\8-2-build-windows-amd64-cygwin\jdk8u20\1074\hotspot\src\share\vm\prims\jvm.cpp, line 1275]
Event: 4.066 Thread 0x000000005791e800 Exception <a 'java/security/PrivilegedActionException'> (0x00000000eae00098) thrown at [D:\re\workspace\8-2-build-windows-amd64-cygwin\jdk8u20\1074\hotspot\src\share\vm\prims\jvm.cpp, line 1275]
Event: 4.454 Thread 0x000000000249f800 Exception <a 'java/security/PrivilegedActionException'> (0x00000000eb3eefb0) thrown at [D:\re\workspace\8-2-build-windows-amd64-cygwin\jdk8u20\1074\hotspot\src\share\vm\prims\jvm.cpp, line 1275]
Event: 6.242 Thread 0x000000005791e800 Exception <a 'java/lang/ArrayIndexOutOfBoundsException': 18> (0x00000000eba639b8) thrown at [D:\re\workspace\8-2-build-windows-amd64-cygwin\jdk8u20\1074\hotspot\src\share\vm\interpreter\interpreterRuntime.cpp, line 366]
Event: 6.243 Thread 0x000000005791e800 Exception <a 'java/lang/ArrayIndexOutOfBoundsException': 145> (0x00000000eba65450) thrown at [D:\re\workspace\8-2-build-windows-amd64-cygwin\jdk8u20\1074\hotspot\src\share\vm\interpreter\interpreterRuntime.cpp, line 366]
Event: 6.248 Thread 0x000000005791e800 Exception <a 'java/lang/ArrayIndexOutOfBoundsException'> (0x00000000eba66668) thrown at [D:\re\workspace\8-2-build-windows-amd64-cygwin\jdk8u20\1074\hotspot\src\share\vm\runtime\sharedRuntime.cpp, line 604]
Event: 9.366 Thread 0x0000000057921800 Exception <a 'java/security/PrivilegedActionException'> (0x00000000ebba2510) thrown at [D:\re\workspace\8-2-build-windows-amd64-cygwin\jdk8u20\1074\hotspot\src\share\vm\prims\jvm.cpp, line 1275]
Event: 15.957 Thread 0x000000000249f800 Exception <a 'java/security/PrivilegedActionException'> (0x00000000ec023070) thrown at [D:\re\workspace\8-2-build-windows-amd64-cygwin\jdk8u20\1074\hotspot\src\share\vm\prims\jvm.cpp, line 1275]
Event: 17.647 Thread 0x0000000057921800 Implicit null exception at 0x00000000030f28ba to 0x00000000030f3e95

Events (10 events):
Event: 17.131 Thread 0x0000000057924000 Uncommon trap: trap_request=0xffffffad fr.pc=0x000000000313c004
Event: 17.131 Thread 0x0000000057924000 DEOPT PACKING pc=0x000000000313c004 sp=0x00000000585ae8e0
Event: 17.131 Thread 0x0000000057924000 DEOPT UNPACKING pc=0x0000000002b1556a sp=0x00000000585ae890 mode 2
Event: 17.286 Executing VM operation: ParallelGCFailedAllocation
Event: 17.389 Executing VM operation: ParallelGCFailedAllocation done
Event: 17.554 Thread 0x0000000057921800 DEOPT PACKING pc=0x0000000002ec5a93 sp=0x00000000583cea30
Event: 17.554 Thread 0x0000000057921800 DEOPT UNPACKING pc=0x0000000002b175bf sp=0x00000000583ce840 mode 0
Event: 17.647 Thread 0x0000000057921800 Uncommon trap: trap_request=0xffffffad fr.pc=0x00000000030f3eb0
Event: 17.647 Thread 0x0000000057921800 DEOPT PACKING pc=0x00000000030f3eb0 sp=0x00000000583ce990
Event: 17.647 Thread 0x0000000057921800 DEOPT UNPACKING pc=0x0000000002b1556a sp=0x00000000583ce788 mode 2


Dynamic libraries:
0x000000013ff30000 - 0x000000013ff64000 	C:\Program Files (x86)\Java\jdk1.8.0_20\bin\java.exe
0x00000000774e0000 - 0x0000000077689000 	C:\Windows\SYSTEM32\ntdll.dll
0x00000000772c0000 - 0x00000000773e0000 	C:\Windows\system32\kernel32.dll
0x000007fefd450000 - 0x000007fefd4bc000 	C:\Windows\system32\KERNELBASE.dll
0x0000000074f90000 - 0x0000000075017000 	C:\Windows\System32\SYSFER.DLL
0x000007fefde70000 - 0x000007fefdf4b000 	C:\Windows\system32\ADVAPI32.dll
0x000007fefd650000 - 0x000007fefd6ef000 	C:\Windows\system32\msvcrt.dll
0x000007fefe940000 - 0x000007fefe95f000 	C:\Windows\SYSTEM32\sechost.dll
0x000007fefe560000 - 0x000007fefe68d000 	C:\Windows\system32\RPCRT4.dll
0x00000000773e0000 - 0x00000000774da000 	C:\Windows\system32\USER32.dll
0x000007fefd8c0000 - 0x000007fefd927000 	C:\Windows\system32\GDI32.dll
0x000007fefe690000 - 0x000007fefe69e000 	C:\Windows\system32\LPK.dll
0x000007feff720000 - 0x000007feff7e9000 	C:\Windows\system32\USP10.dll
0x000007fefbcd0000 - 0x000007fefbec4000 	C:\Windows\WinSxS\amd64_microsoft.windows.common-controls_6595b64144ccf1df_6.0.7601.18837_none_fa3b1e3d17594757\COMCTL32.dll
0x000007fefdf50000 - 0x000007fefdfc1000 	C:\Windows\system32\SHLWAPI.dll
0x000007feff6f0000 - 0x000007feff71e000 	C:\Windows\system32\IMM32.DLL
0x000007fefe6a0000 - 0x000007fefe7a9000 	C:\Windows\system32\MSCTF.dll
0x000000005a840000 - 0x000000005a912000 	C:\Program Files (x86)\Java\jdk1.8.0_20\jre\bin\msvcr100.dll
0x0000000055ae0000 - 0x0000000056338000 	C:\Program Files (x86)\Java\jdk1.8.0_20\jre\bin\server\jvm.dll
0x000007fef1b70000 - 0x000007fef1b79000 	C:\Windows\system32\WSOCK32.dll
0x000007fefd770000 - 0x000007fefd7bd000 	C:\Windows\system32\WS2_32.dll
0x000007fefd640000 - 0x000007fefd648000 	C:\Windows\system32\NSI.dll
0x000007fefadd0000 - 0x000007fefae0b000 	C:\Windows\system32\WINMM.dll
0x00000000776a0000 - 0x00000000776a7000 	C:\Windows\system32\PSAPI.DLL
0x0000000070530000 - 0x000000007053f000 	C:\Program Files (x86)\Java\jdk1.8.0_20\jre\bin\verify.dll
0x0000000070050000 - 0x0000000070078000 	C:\Program Files (x86)\Java\jdk1.8.0_20\jre\bin\java.dll
0x0000000070030000 - 0x0000000070046000 	C:\Program Files (x86)\Java\jdk1.8.0_20\jre\bin\zip.dll
0x000007fefe960000 - 0x000007feff6e9000 	C:\Windows\system32\SHELL32.dll
0x000007fefe0b0000 - 0x000007fefe2b3000 	C:\Windows\system32\ole32.dll
0x000007fefd290000 - 0x000007fefd29f000 	C:\Windows\system32\profapi.dll

VM Arguments:
jvm_args: -Xmx1024M -Dfile.encoding=windows-1252 -Duser.country=FR -Duser.language=fr -Duser.variant 
java_command: com.android.dx.command.Main --dex --num-threads=4 --output D:\Users\tamiand\Desktop\projetWhatIEat\projetWhatIEat\WhatIEat\app\build\intermediates\pre-dexed\debug\classes-9c9d027ff2e51a9a624bdd52380d2ccb12444263.jar D:\Users\tamiand\Desktop\projetWhatIEat\projetWhatIEat\WhatIEat\app\build\intermediates\exploded-aar\com.android.support\support-v4\23.0.1\jars\classes.jar
java_class_path (initial): D:\androidStudio\sdk\build-tools\23.0.1\lib\dx.jar
Launcher Type: SUN_STANDARD

Environment Variables:
JAVA_HOME=C:\Program Files (x86)\Java\jdk1.7.0_67\jre
PATH=C:\Program Files (x86)\Yaws-1.90\bin;C:\ProgramData\Oracle\Java\javapath;C:\Windows\system32;C:\Windows;C:\Windows\System32\Wbem;C:\Windows\System32\WindowsPowerShell\v1.0\;C:\Program Files (x86)\Lenovo\Access Connections\;C:\Program Files (x86)\MySQL\MySQL Utilities 1.4.3\;C:\Program Files (x86)\MySQL\MySQL Utilities 1.4.3\Doctrine extensions for PHP\;D:\apps\apache-maven\apache-maven-3.2.3\bin;C:\Program Files\Java\jdk1.8.0_20;D:\apps\mongodb-2.6.4\bin;C:\MinGW\bin;C:\Python27;C:\Program Files (x86)\Git\bin;C:\Program Files (x86)\swipl\bin;C:\Program Files\TortoiseSVN\bin;C:\Program Files (x86)\Subversion\bin;D:\Users\tamiand\Downloads\scala\sbt\bin;C:\Program Files (x86)\erl6.4\bin;C:\Program Files (x86)\nodejs\;C:\Program Files\PostgreSQL\9.4\bin;C:\Python27\Scripts;D:\apps\apache-maven\apache-maven-3.2.3\bin;C:\Program Files\Java\jdk1.8.0_20\bin;C:\Python27;C:\Program Files (x86)\Git\bin;C:\Program Files (x86)\swipl\bin;C:\Users\tamiand\AppData\Roaming\npm;C:\Program Files\PostgreSQL\9.4\bin
USERNAME=tamiand
OS=Windows_NT
PROCESSOR_IDENTIFIER=Intel64 Family 6 Model 60 Stepping 3, GenuineIntel



---------------  S Y S T E M  ---------------

OS: Windows 7 , 64 bit Build 7601 Service Pack 1

CPU:total 4 (2 cores per cpu, 2 threads per core) family 6 model 60 stepping 3, cmov, cx8, fxsr, mmx, sse, sse2, sse3, ssse3, sse4.1, sse4.2, popcnt, avx, avx2, aes, clmul, erms, rtm, lzcnt, ht, tsc, tscinvbit, bmi1, bmi2

Memory: 4k page, physical 3874556k(669684k free), swap 5420268k(5052k free)

vm_info: Java HotSpot(TM) 64-Bit Server VM (25.20-b23) for windows-amd64 JRE (1.8.0_20-b26), built on Jul 30 2014 13:51:23 by "java_re" with MS VC++ 10.0 (VS2010)

time: Fri Mar 04 09:45:31 2016
elapsed time: 20 seconds (0d 0h 0m 20s)

