#
# There is insufficient memory for the Java Runtime Environment to continue.
# Native memory allocation (malloc) failed to allocate 1181616 bytes for Chunk::new
# Possible reasons:
#   The system is out of physical RAM or swap space
#   In 32 bit mode, the process size limit was hit
# Possible solutions:
#   Reduce memory load on the system
#   Increase physical memory or swap space
#   Check if swap backing store is full
#   Use 64 bit Java on a 64 bit OS
#   Decrease Java heap size (-Xmx/-Xms)
#   Decrease number of Java threads
#   Decrease Java thread stack sizes (-Xss)
#   Set larger code cache with -XX:ReservedCodeCacheSize=
# This output file may be truncated or incomplete.
#
#  Out of Memory Error (allocation.cpp:390), pid=6200, tid=1664
#
# JRE version: Java(TM) SE Runtime Environment (8.0_20-b26) (build 1.8.0_20-b26)
# Java VM: Java HotSpot(TM) 64-Bit Server VM (25.20-b23 mixed mode windows-amd64 compressed oops)
# Failed to write core dump. Minidumps are not enabled by default on client versions of Windows
#

---------------  T H R E A D  ---------------

Current thread (0x0000000055319800):  JavaThread "C2 CompilerThread1" daemon [_thread_in_native, id=1664, stack(0x00000000571f0000,0x00000000572f0000)]

Stack: [0x00000000571f0000,0x00000000572f0000]
Native frames: (J=compiled Java code, j=interpreted, Vv=VM code, C=native code)
V  [jvm.dll+0x3152fa]


Current CompileTask:
C2:  18740 2037   !   4       com.android.dx.cf.code.Ropper::processBlock (1101 bytes)


---------------  P R O C E S S  ---------------

Java Threads: ( => current thread )
  0x000000005792b000 JavaThread "pool-1-thread-4" [_thread_blocked, id=6700, stack(0x00000000583a0000,0x00000000584a0000)]
  0x0000000057927800 JavaThread "pool-1-thread-3" [_thread_blocked, id=4176, stack(0x0000000058250000,0x0000000058350000)]
  0x0000000057926800 JavaThread "pool-1-thread-2" [_thread_blocked, id=6948, stack(0x0000000058020000,0x0000000058120000)]
  0x0000000057925000 JavaThread "pool-2-thread-1" [_thread_blocked, id=1412, stack(0x0000000057ef0000,0x0000000057ff0000)]
  0x0000000057924000 JavaThread "pool-1-thread-1" [_thread_blocked, id=1656, stack(0x0000000057de0000,0x0000000057ee0000)]
  0x000000005531e800 JavaThread "Service Thread" daemon [_thread_blocked, id=4756, stack(0x0000000057430000,0x0000000057530000)]
  0x000000005531c000 JavaThread "C1 CompilerThread2" daemon [_thread_blocked, id=6256, stack(0x00000000575b0000,0x00000000576b0000)]
=>0x0000000055319800 JavaThread "C2 CompilerThread1" daemon [_thread_in_native, id=1664, stack(0x00000000571f0000,0x00000000572f0000)]
  0x0000000055315800 JavaThread "C2 CompilerThread0" daemon [_thread_in_native, id=6964, stack(0x0000000057300000,0x0000000057400000)]
  0x0000000055314000 JavaThread "Attach Listener" daemon [_thread_blocked, id=5380, stack(0x0000000056d30000,0x0000000056e30000)]
  0x0000000055310800 JavaThread "Signal Dispatcher" daemon [_thread_blocked, id=6640, stack(0x0000000057020000,0x0000000057120000)]
  0x00000000552af000 JavaThread "Finalizer" daemon [_thread_blocked, id=6600, stack(0x0000000056e50000,0x0000000056f50000)]
  0x00000000552ab800 JavaThread "Reference Handler" daemon [_thread_blocked, id=3404, stack(0x0000000056c00000,0x0000000056d00000)]
  0x00000000024af800 JavaThread "main" [_thread_blocked, id=6944, stack(0x00000000024b0000,0x00000000025b0000)]

Other Threads:
  0x00000000552a6000 VMThread [stack: 0x0000000056b00000,0x0000000056c00000] [id=7056]
  0x00000000576b3000 WatcherThread [stack: 0x0000000057b30000,0x0000000057c30000] [id=6104]

VM state:not at safepoint (normal execution)

VM Mutex/Monitor currently owned by a thread: None

Heap:
 PSYoungGen      total 33280K, used 5166K [0x00000000eab00000, 0x00000000eec00000, 0x0000000100000000)
  eden space 30720K, 8% used [0x00000000eab00000,0x00000000ead93858,0x00000000ec900000)
  from space 2560K, 98% used [0x00000000ec900000,0x00000000ecb78028,0x00000000ecb80000)
  to   space 2560K, 0% used [0x00000000ee980000,0x00000000ee980000,0x00000000eec00000)
 ParOldGen       total 40960K, used 8630K [0x00000000c0000000, 0x00000000c2800000, 0x00000000eab00000)
  object space 40960K, 21% used [0x00000000c0000000,0x00000000c086d8b0,0x00000000c2800000)
 Metaspace       used 6007K, capacity 7088K, committed 7296K, reserved 1056768K
  class space    used 584K, capacity 616K, committed 640K, reserved 1048576K

Card table byte_map: [0x0000000011d30000,0x0000000011f40000] byte_map_base: 0x0000000011730000

Marking Bits: (ParMarkBitMap*) 0x00000000562bb460
 Begin Bits: [0x0000000012720000, 0x0000000013720000)
 End Bits:   [0x0000000013720000, 0x0000000014720000)

Polling page: 0x0000000000670000

CodeCache: size=245760Kb used=6497Kb max_used=6497Kb free=239262Kb
 bounds [0x0000000002970000, 0x0000000002fd0000, 0x0000000011970000]
 total_blobs=1836 nmethods=1572 adapters=178
 compilation: enabled

Compilation events (10 events):
Event: 17.570 Thread 0x000000005531c000 2076   !   3       com.android.dx.cf.cst.ConstantPoolParser::determineOffsets (285 bytes)
Event: 17.576 Thread 0x000000005531c000 nmethod 2076 0x0000000002fc0c90 code [0x0000000002fc1000, 0x0000000002fc29d8]
Event: 17.576 Thread 0x000000005531c000 2077       3       com.android.dx.cf.cst.ConstantPoolParser::parse (365 bytes)
Event: 17.585 Thread 0x000000005531c000 nmethod 2077 0x0000000002fc5810 code [0x0000000002fc5d60, 0x0000000002fc90c8]
Event: 17.623 Thread 0x000000005531c000 2078       3       java.util.concurrent.locks.ReentrantLock::lock (8 bytes)
Event: 17.624 Thread 0x000000005531c000 nmethod 2078 0x0000000002fc0850 code [0x0000000002fc09c0, 0x0000000002fc0be8]
Event: 18.399 Thread 0x000000005531c000 2079       2       com.android.dx.rop.code.BasicBlockList::forEachInsn (39 bytes)
Event: 18.400 Thread 0x000000005531c000 nmethod 2079 0x0000000002fcb150 code [0x0000000002fcb2c0, 0x0000000002fcb518]
Event: 18.403 Thread 0x000000005531c000 2080       3       com.android.dx.cf.code.LineNumberList::concat (92 bytes)
Event: 18.408 Thread 0x000000005531c000 nmethod 2080 0x0000000002fcb710 code [0x0000000002fcba20, 0x0000000002fcd508]

GC Heap History (6 events):
Event: 5.330 GC heap before
{Heap before GC invocations=1 (full 0):
 PSYoungGen      total 17920K, used 15360K [0x00000000eab00000, 0x00000000ebf00000, 0x0000000100000000)
  eden space 15360K, 100% used [0x00000000eab00000,0x00000000eba00000,0x00000000eba00000)
  from space 2560K, 0% used [0x00000000ebc80000,0x00000000ebc80000,0x00000000ebf00000)
  to   space 2560K, 0% used [0x00000000eba00000,0x00000000eba00000,0x00000000ebc80000)
 ParOldGen       total 40960K, used 0K [0x00000000c0000000, 0x00000000c2800000, 0x00000000eab00000)
  object space 40960K, 0% used [0x00000000c0000000,0x00000000c0000000,0x00000000c2800000)
 Metaspace       used 5441K, capacity 6576K, committed 6784K, reserved 1056768K
  class space    used 574K, capacity 616K, committed 640K, reserved 1048576K
Event: 5.515 GC heap after
Heap after GC invocations=1 (full 0):
 PSYoungGen      total 17920K, used 2535K [0x00000000eab00000, 0x00000000ece00000, 0x0000000100000000)
  eden space 15360K, 0% used [0x00000000eab00000,0x00000000eab00000,0x00000000eba00000)
  from space 2560K, 99% used [0x00000000eba00000,0x00000000ebc79c88,0x00000000ebc80000)
  to   space 2560K, 0% used [0x00000000ecb80000,0x00000000ecb80000,0x00000000ece00000)
 ParOldGen       total 40960K, used 1607K [0x00000000c0000000, 0x00000000c2800000, 0x00000000eab00000)
  object space 40960K, 3% used [0x00000000c0000000,0x00000000c0191c98,0x00000000c2800000)
 Metaspace       used 5441K, capacity 6576K, committed 6784K, reserved 1056768K
  class space    used 574K, capacity 616K, committed 640K, reserved 1048576K
}
Event: 6.763 GC heap before
{Heap before GC invocations=2 (full 0):
 PSYoungGen      total 17920K, used 17895K [0x00000000eab00000, 0x00000000ece00000, 0x0000000100000000)
  eden space 15360K, 100% used [0x00000000eab00000,0x00000000eba00000,0x00000000eba00000)
  from space 2560K, 99% used [0x00000000eba00000,0x00000000ebc79c88,0x00000000ebc80000)
  to   space 2560K, 0% used [0x00000000ecb80000,0x00000000ecb80000,0x00000000ece00000)
 ParOldGen       total 40960K, used 1607K [0x00000000c0000000, 0x00000000c2800000, 0x00000000eab00000)
  object space 40960K, 3% used [0x00000000c0000000,0x00000000c0191c98,0x00000000c2800000)
 Metaspace       used 5527K, capacity 6640K, committed 6784K, reserved 1056768K
  class space    used 579K, capacity 616K, committed 640K, reserved 1048576K
Event: 7.324 GC heap after
Heap after GC invocations=2 (full 0):
 PSYoungGen      total 33280K, used 2528K [0x00000000eab00000, 0x00000000ece00000, 0x0000000100000000)
  eden space 30720K, 0% used [0x00000000eab00000,0x00000000eab00000,0x00000000ec900000)
  from space 2560K, 98% used [0x00000000ecb80000,0x00000000ecdf8240,0x00000000ece00000)
  to   space 2560K, 0% used [0x00000000ec900000,0x00000000ec900000,0x00000000ecb80000)
 ParOldGen       total 40960K, used 3687K [0x00000000c0000000, 0x00000000c2800000, 0x00000000eab00000)
  object space 40960K, 9% used [0x00000000c0000000,0x00000000c0399fc0,0x00000000c2800000)
 Metaspace       used 5527K, capacity 6640K, committed 6784K, reserved 1056768K
  class space    used 579K, capacity 616K, committed 640K, reserved 1048576K
}
Event: 17.369 GC heap before
{Heap before GC invocations=3 (full 0):
 PSYoungGen      total 33280K, used 33248K [0x00000000eab00000, 0x00000000ece00000, 0x0000000100000000)
  eden space 30720K, 100% used [0x00000000eab00000,0x00000000ec900000,0x00000000ec900000)
  from space 2560K, 98% used [0x00000000ecb80000,0x00000000ecdf8240,0x00000000ece00000)
  to   space 2560K, 0% used [0x00000000ec900000,0x00000000ec900000,0x00000000ecb80000)
 ParOldGen       total 40960K, used 3687K [0x00000000c0000000, 0x00000000c2800000, 0x00000000eab00000)
  object space 40960K, 9% used [0x00000000c0000000,0x00000000c0399fc0,0x00000000c2800000)
 Metaspace       used 5983K, capacity 7088K, committed 7296K, reserved 1056768K
  class space    used 584K, capacity 616K, committed 640K, reserved 1048576K
Event: 17.474 GC heap after
Heap after GC invocations=3 (full 0):
 PSYoungGen      total 33280K, used 2528K [0x00000000eab00000, 0x00000000eec00000, 0x0000000100000000)
  eden space 30720K, 0% used [0x00000000eab00000,0x00000000eab00000,0x00000000ec900000)
  from space 2560K, 98% used [0x00000000ec900000,0x00000000ecb78028,0x00000000ecb80000)
  to   space 2560K, 0% used [0x00000000ee980000,0x00000000ee980000,0x00000000eec00000)
 ParOldGen       total 40960K, used 8630K [0x00000000c0000000, 0x00000000c2800000, 0x00000000eab00000)
  object space 40960K, 21% used [0x00000000c0000000,0x00000000c086d8b0,0x00000000c2800000)
 Metaspace       used 5983K, capacity 7088K, committed 7296K, reserved 1056768K
  class space    used 584K, capacity 616K, committed 640K, reserved 1048576K
}

Deoptimization events (10 events):
Event: 6.100 Thread 0x0000000057924000 Uncommon trap: reason=unreached action=reinterpret pc=0x0000000002b3d1c4 method=com.android.dx.rop.cst.Constant.compareTo(Lcom/android/dx/rop/cst/Constant;)I @ 12
Event: 6.259 Thread 0x0000000057927800 Uncommon trap: reason=null_check action=make_not_entrant pc=0x0000000002b82824 method=com.android.dx.ssa.SsaRenamer.getLocalForNewReg(I)Lcom/android/dx/rop/code/LocalItem; @ 19
Event: 6.383 Thread 0x0000000057924000 Uncommon trap: reason=bimorphic action=maybe_recompile pc=0x0000000002b51024 method=java.util.HashMap.getNode(ILjava/lang/Object;)Ljava/util/HashMap$Node; @ 126
Event: 6.384 Thread 0x0000000057924000 Uncommon trap: reason=bimorphic action=maybe_recompile pc=0x0000000002b51024 method=java.util.HashMap.getNode(ILjava/lang/Object;)Ljava/util/HashMap$Node; @ 126
Event: 6.384 Thread 0x0000000057924000 Uncommon trap: reason=bimorphic action=maybe_recompile pc=0x0000000002b51024 method=java.util.HashMap.getNode(ILjava/lang/Object;)Ljava/util/HashMap$Node; @ 126
Event: 6.384 Thread 0x0000000057924000 Uncommon trap: reason=bimorphic action=maybe_recompile pc=0x0000000002b51024 method=java.util.HashMap.getNode(ILjava/lang/Object;)Ljava/util/HashMap$Node; @ 126
Event: 6.384 Thread 0x0000000057924000 Uncommon trap: reason=bimorphic action=maybe_recompile pc=0x0000000002b29304 method=java.util.HashMap.getNode(ILjava/lang/Object;)Ljava/util/HashMap$Node; @ 126
Event: 7.611 Thread 0x00000000024af800 Uncommon trap: reason=null_check action=make_not_entrant pc=0x0000000002b8cdd4 method=com.android.dx.rop.type.Type.equals(Ljava/lang/Object;)Z @ 8
Event: 13.511 Thread 0x000000005792b000 Uncommon trap: reason=bimorphic action=maybe_recompile pc=0x0000000002d42f54 method=java.util.HashMap.putVal(ILjava/lang/Object;Ljava/lang/Object;ZZ)Ljava/lang/Object; @ 203
Event: 16.188 Thread 0x0000000057924000 Uncommon trap: reason=bimorphic action=maybe_recompile pc=0x0000000002d42f54 method=java.util.HashMap.putVal(ILjava/lang/Object;Ljava/lang/Object;ZZ)Ljava/lang/Object; @ 203

Internal exceptions (10 events):
Event: 6.083 Thread 0x00000000024af800 Exception <a 'java/security/PrivilegedActionException'> (0x00000000eae4a948) thrown at [D:\re\workspace\8-2-build-windows-amd64-cygwin\jdk8u20\1074\hotspot\src\share\vm\prims\jvm.cpp, line 1275]
Event: 6.259 Thread 0x0000000057927800 Implicit null exception at 0x0000000002b803a7 to 0x0000000002b827fd
Event: 6.294 Thread 0x000000005792b000 Exception <a 'java/security/PrivilegedActionException'> (0x00000000eb1d3360) thrown at [D:\re\workspace\8-2-build-windows-amd64-cygwin\jdk8u20\1074\hotspot\src\share\vm\prims\jvm.cpp, line 1275]
Event: 7.611 Thread 0x00000000024af800 Implicit null exception at 0x0000000002b8ccd2 to 0x0000000002b8cdc5
Event: 13.322 Thread 0x00000000024af800 Exception <a 'java/security/PrivilegedActionException'> (0x00000000eb347ab0) thrown at [D:\re\workspace\8-2-build-windows-amd64-cygwin\jdk8u20\1074\hotspot\src\share\vm\prims\jvm.cpp, line 1275]
Event: 13.324 Thread 0x00000000024af800 Exception <a 'java/security/PrivilegedActionException'> (0x00000000eb34ae60) thrown at [D:\re\workspace\8-2-build-windows-amd64-cygwin\jdk8u20\1074\hotspot\src\share\vm\prims\jvm.cpp, line 1275]
Event: 13.324 Thread 0x00000000024af800 Exception <a 'java/security/PrivilegedActionException'> (0x00000000eb34d618) thrown at [D:\re\workspace\8-2-build-windows-amd64-cygwin\jdk8u20\1074\hotspot\src\share\vm\prims\jvm.cpp, line 1275]
Event: 13.460 Thread 0x000000005792b000 Exception <a 'java/security/PrivilegedActionException'> (0x00000000eb5cec00) thrown at [D:\re\workspace\8-2-build-windows-amd64-cygwin\jdk8u20\1074\hotspot\src\share\vm\prims\jvm.cpp, line 1275]
Event: 13.463 Thread 0x000000005792b000 Exception <a 'java/security/PrivilegedActionException'> (0x00000000eb5d4498) thrown at [D:\re\workspace\8-2-build-windows-amd64-cygwin\jdk8u20\1074\hotspot\src\share\vm\prims\jvm.cpp, line 1275]
Event: 13.464 Thread 0x000000005792b000 Exception <a 'java/security/PrivilegedActionException'> (0x00000000eb5d9d20) thrown at [D:\re\workspace\8-2-build-windows-amd64-cygwin\jdk8u20\1074\hotspot\src\share\vm\prims\jvm.cpp, line 1275]

Events (10 events):
Event: 16.259 Thread 0x0000000057924000 DEOPT PACKING pc=0x0000000002bf9507 sp=0x0000000057ede4a0
Event: 16.259 Thread 0x0000000057924000 DEOPT UNPACKING pc=0x00000000029b75bf sp=0x0000000057ede2e0 mode 0
Event: 16.269 Thread 0x0000000057924000 DEOPT PACKING pc=0x0000000002ba21cb sp=0x0000000057ede6c0
Event: 16.270 Thread 0x0000000057924000 DEOPT UNPACKING pc=0x00000000029b75bf sp=0x0000000057ede3e0 mode 0
Event: 17.353 Executing VM operation: ParallelGCFailedAllocation
Event: 17.475 Executing VM operation: ParallelGCFailedAllocation done
Event: 17.480 Thread 0x0000000057926800 DEOPT PACKING pc=0x0000000002c80bc6 sp=0x000000005811e890
Event: 17.480 Thread 0x0000000057926800 DEOPT UNPACKING pc=0x00000000029b75bf sp=0x000000005811e5f8 mode 0
Event: 18.399 Thread 0x0000000057926800 DEOPT PACKING pc=0x0000000002c9c2bd sp=0x000000005811ea10
Event: 18.399 Thread 0x0000000057926800 DEOPT UNPACKING pc=0x00000000029b75bf sp=0x000000005811e700 mode 0


Dynamic libraries:
0x000000013ff30000 - 0x000000013ff64000 	C:\Program Files (x86)\Java\jdk1.8.0_20\bin\java.exe
0x00000000774e0000 - 0x0000000077689000 	C:\Windows\SYSTEM32\ntdll.dll
0x00000000772c0000 - 0x00000000773e0000 	C:\Windows\system32\kernel32.dll
0x000007fefd450000 - 0x000007fefd4bc000 	C:\Windows\system32\KERNELBASE.dll
0x0000000074f90000 - 0x0000000075017000 	C:\Windows\System32\SYSFER.DLL
0x000007fefde70000 - 0x000007fefdf4b000 	C:\Windows\system32\ADVAPI32.dll
0x000007fefd650000 - 0x000007fefd6ef000 	C:\Windows\system32\msvcrt.dll
0x000007fefe940000 - 0x000007fefe95f000 	C:\Windows\SYSTEM32\sechost.dll
0x000007fefe560000 - 0x000007fefe68d000 	C:\Windows\system32\RPCRT4.dll
0x00000000773e0000 - 0x00000000774da000 	C:\Windows\system32\USER32.dll
0x000007fefd8c0000 - 0x000007fefd927000 	C:\Windows\system32\GDI32.dll
0x000007fefe690000 - 0x000007fefe69e000 	C:\Windows\system32\LPK.dll
0x000007feff720000 - 0x000007feff7e9000 	C:\Windows\system32\USP10.dll
0x000007fefbcd0000 - 0x000007fefbec4000 	C:\Windows\WinSxS\amd64_microsoft.windows.common-controls_6595b64144ccf1df_6.0.7601.18837_none_fa3b1e3d17594757\COMCTL32.dll
0x000007fefdf50000 - 0x000007fefdfc1000 	C:\Windows\system32\SHLWAPI.dll
0x000007feff6f0000 - 0x000007feff71e000 	C:\Windows\system32\IMM32.DLL
0x000007fefe6a0000 - 0x000007fefe7a9000 	C:\Windows\system32\MSCTF.dll
0x000000005a840000 - 0x000000005a912000 	C:\Program Files (x86)\Java\jdk1.8.0_20\jre\bin\msvcr100.dll
0x0000000055ae0000 - 0x0000000056338000 	C:\Program Files (x86)\Java\jdk1.8.0_20\jre\bin\server\jvm.dll
0x000007fef1b70000 - 0x000007fef1b79000 	C:\Windows\system32\WSOCK32.dll
0x000007fefd770000 - 0x000007fefd7bd000 	C:\Windows\system32\WS2_32.dll
0x000007fefd640000 - 0x000007fefd648000 	C:\Windows\system32\NSI.dll
0x000007fefadd0000 - 0x000007fefae0b000 	C:\Windows\system32\WINMM.dll
0x00000000776a0000 - 0x00000000776a7000 	C:\Windows\system32\PSAPI.DLL
0x0000000070530000 - 0x000000007053f000 	C:\Program Files (x86)\Java\jdk1.8.0_20\jre\bin\verify.dll
0x0000000070050000 - 0x0000000070078000 	C:\Program Files (x86)\Java\jdk1.8.0_20\jre\bin\java.dll
0x0000000070030000 - 0x0000000070046000 	C:\Program Files (x86)\Java\jdk1.8.0_20\jre\bin\zip.dll
0x000007fefe960000 - 0x000007feff6e9000 	C:\Windows\system32\SHELL32.dll
0x000007fefe0b0000 - 0x000007fefe2b3000 	C:\Windows\system32\ole32.dll
0x000007fefd290000 - 0x000007fefd29f000 	C:\Windows\system32\profapi.dll

VM Arguments:
jvm_args: -Xmx1024M -Dfile.encoding=windows-1252 -Duser.country=FR -Duser.language=fr -Duser.variant 
java_command: com.android.dx.command.Main --dex --num-threads=4 --output D:\Users\tamiand\Desktop\projetWhatIEat\projetWhatIEat\WhatIEat\app\build\intermediates\pre-dexed\debug\classes-4639fc3b2c843889689c8c3215bbc2df4566ae1a.jar D:\Users\tamiand\Desktop\projetWhatIEat\projetWhatIEat\WhatIEat\app\build\intermediates\exploded-aar\com.android.support\design\23.0.1\jars\classes.jar
java_class_path (initial): D:\androidStudio\sdk\build-tools\23.0.1\lib\dx.jar
Launcher Type: SUN_STANDARD

Environment Variables:
JAVA_HOME=C:\Program Files (x86)\Java\jdk1.7.0_67\jre
PATH=C:\Program Files (x86)\Yaws-1.90\bin;C:\ProgramData\Oracle\Java\javapath;C:\Windows\system32;C:\Windows;C:\Windows\System32\Wbem;C:\Windows\System32\WindowsPowerShell\v1.0\;C:\Program Files (x86)\Lenovo\Access Connections\;C:\Program Files (x86)\MySQL\MySQL Utilities 1.4.3\;C:\Program Files (x86)\MySQL\MySQL Utilities 1.4.3\Doctrine extensions for PHP\;D:\apps\apache-maven\apache-maven-3.2.3\bin;C:\Program Files\Java\jdk1.8.0_20;D:\apps\mongodb-2.6.4\bin;C:\MinGW\bin;C:\Python27;C:\Program Files (x86)\Git\bin;C:\Program Files (x86)\swipl\bin;C:\Program Files\TortoiseSVN\bin;C:\Program Files (x86)\Subversion\bin;D:\Users\tamiand\Downloads\scala\sbt\bin;C:\Program Files (x86)\erl6.4\bin;C:\Program Files (x86)\nodejs\;C:\Program Files\PostgreSQL\9.4\bin;C:\Python27\Scripts;D:\apps\apache-maven\apache-maven-3.2.3\bin;C:\Program Files\Java\jdk1.8.0_20\bin;C:\Python27;C:\Program Files (x86)\Git\bin;C:\Program Files (x86)\swipl\bin;C:\Users\tamiand\AppData\Roaming\npm;C:\Program Files\PostgreSQL\9.4\bin
USERNAME=tamiand
OS=Windows_NT
PROCESSOR_IDENTIFIER=Intel64 Family 6 Model 60 Stepping 3, GenuineIntel



---------------  S Y S T E M  ---------------

OS: Windows 7 , 64 bit Build 7601 Service Pack 1

CPU:total 4 (2 cores per cpu, 2 threads per core) family 6 model 60 stepping 3, cmov, cx8, fxsr, mmx, sse, sse2, sse3, ssse3, sse4.1, sse4.2, popcnt, avx, avx2, aes, clmul, erms, rtm, lzcnt, ht, tsc, tscinvbit, bmi1, bmi2

Memory: 4k page, physical 3874556k(766836k free), swap 5420268k(4892k free)

vm_info: Java HotSpot(TM) 64-Bit Server VM (25.20-b23) for windows-amd64 JRE (1.8.0_20-b26), built on Jul 30 2014 13:51:23 by "java_re" with MS VC++ 10.0 (VS2010)

time: Fri Mar 04 09:32:38 2016
elapsed time: 18 seconds (0d 0h 0m 18s)

