#
# There is insufficient memory for the Java Runtime Environment to continue.
# Native memory allocation (malloc) failed to allocate 137536 bytes for Chunk::new
# Possible reasons:
#   The system is out of physical RAM or swap space
#   In 32 bit mode, the process size limit was hit
# Possible solutions:
#   Reduce memory load on the system
#   Increase physical memory or swap space
#   Check if swap backing store is full
#   Use 64 bit Java on a 64 bit OS
#   Decrease Java heap size (-Xmx/-Xms)
#   Decrease number of Java threads
#   Decrease Java thread stack sizes (-Xss)
#   Set larger code cache with -XX:ReservedCodeCacheSize=
# This output file may be truncated or incomplete.
#
#  Out of Memory Error (allocation.cpp:390), pid=4916, tid=5316
#
# JRE version: Java(TM) SE Runtime Environment (8.0_20-b26) (build 1.8.0_20-b26)
# Java VM: Java HotSpot(TM) 64-Bit Server VM (25.20-b23 mixed mode windows-amd64 compressed oops)
# Failed to write core dump. Minidumps are not enabled by default on client versions of Windows
#

---------------  T H R E A D  ---------------

Current thread (0x0000000055449800):  JavaThread "C2 CompilerThread1" daemon [_thread_in_native, id=5316, stack(0x0000000056d30000,0x0000000056e30000)]

Stack: [0x0000000056d30000,0x0000000056e30000]
Native frames: (J=compiled Java code, j=interpreted, Vv=VM code, C=native code)
V  [jvm.dll+0x3152fa]


Current CompileTask:
C2:   8659 1348       4       com.android.dx.ssa.SsaRenamer$BlockRenamer::processResultReg (56 bytes)


---------------  P R O C E S S  ---------------

Java Threads: ( => current thread )
  0x000000005789d800 JavaThread "pool-1-thread-4" [_thread_in_vm, id=3328, stack(0x0000000058400000,0x0000000058500000)]
  0x000000005789b000 JavaThread "pool-1-thread-3" [_thread_blocked, id=4420, stack(0x0000000058280000,0x0000000058380000)]
  0x0000000057896000 JavaThread "pool-1-thread-2" [_thread_blocked, id=6804, stack(0x00000000580f0000,0x00000000581f0000)]
  0x0000000057894000 JavaThread "pool-2-thread-1" [_thread_blocked, id=6536, stack(0x0000000057f50000,0x0000000058050000)]
  0x0000000057892800 JavaThread "pool-1-thread-1" [_thread_blocked, id=5072, stack(0x0000000057d80000,0x0000000057e80000)]
  0x000000005544e800 JavaThread "Service Thread" daemon [_thread_blocked, id=3080, stack(0x0000000057c10000,0x0000000057d10000)]
  0x000000005544c000 JavaThread "C1 CompilerThread2" daemon [_thread_blocked, id=6372, stack(0x0000000057530000,0x0000000057630000)]
=>0x0000000055449800 JavaThread "C2 CompilerThread1" daemon [_thread_in_native, id=5316, stack(0x0000000056d30000,0x0000000056e30000)]
  0x0000000055445800 JavaThread "C2 CompilerThread0" daemon [_thread_blocked, id=6628, stack(0x00000000573c0000,0x00000000574c0000)]
  0x0000000055444000 JavaThread "Attach Listener" daemon [_thread_blocked, id=7040, stack(0x0000000057240000,0x0000000057340000)]
  0x0000000055440800 JavaThread "Signal Dispatcher" daemon [_thread_blocked, id=6572, stack(0x0000000057050000,0x0000000057150000)]
  0x00000000553df000 JavaThread "Finalizer" daemon [_thread_blocked, id=3832, stack(0x0000000056f00000,0x0000000057000000)]
  0x00000000553db800 JavaThread "Reference Handler" daemon [_thread_blocked, id=5260, stack(0x0000000056c20000,0x0000000056d20000)]
  0x000000000253f800 JavaThread "main" [_thread_blocked, id=5196, stack(0x00000000027c0000,0x00000000028c0000)]

Other Threads:
  0x00000000553d6000 VMThread [stack: 0x0000000056ad0000,0x0000000056bd0000] [id=6456]
  0x0000000057633000 WatcherThread [stack: 0x0000000057a80000,0x0000000057b80000] [id=6228]

VM state:not at safepoint (normal execution)

VM Mutex/Monitor currently owned by a thread:  ([mutex/lock_event])
[0x000000000253d4b0] MethodData_lock - owner thread: 0x000000005789d800

Heap:
 PSYoungGen      total 33280K, used 4831K [0x00000000eab00000, 0x00000000ece00000, 0x0000000100000000)
  eden space 30720K, 7% used [0x00000000eab00000,0x00000000ead3e080,0x00000000ec900000)
  from space 2560K, 99% used [0x00000000ecb80000,0x00000000ecdf9c68,0x00000000ece00000)
  to   space 2560K, 0% used [0x00000000ec900000,0x00000000ec900000,0x00000000ecb80000)
 ParOldGen       total 40960K, used 3369K [0x00000000c0000000, 0x00000000c2800000, 0x00000000eab00000)
  object space 40960K, 8% used [0x00000000c0000000,0x00000000c034a6f0,0x00000000c2800000)
 Metaspace       used 5905K, capacity 6960K, committed 7040K, reserved 1056768K
  class space    used 583K, capacity 616K, committed 640K, reserved 1048576K

Card table byte_map: [0x0000000011f50000,0x0000000012160000] byte_map_base: 0x0000000011950000

Marking Bits: (ParMarkBitMap*) 0x00000000562bb460
 Begin Bits: [0x0000000012850000, 0x0000000013850000)
 End Bits:   [0x0000000013850000, 0x0000000014850000)

Polling page: 0x0000000000450000

CodeCache: size=245760Kb used=5237Kb max_used=5237Kb free=240522Kb
 bounds [0x0000000002b90000, 0x00000000030c0000, 0x0000000011b90000]
 total_blobs=1609 nmethods=1345 adapters=178
 compilation: enabled

Compilation events (10 events):
Event: 8.624 Thread 0x0000000055449800 nmethod 1344 0x00000000030a1f10 code [0x00000000030a2060, 0x00000000030a20e8]
Event: 8.628 Thread 0x0000000055445800 nmethod 1341 0x00000000030a1890 code [0x00000000030a19e0, 0x00000000030a1c98]
Event: 8.629 Thread 0x0000000055449800 1348       4       com.android.dx.ssa.SsaRenamer$BlockRenamer::processResultReg (56 bytes)
Event: 8.644 Thread 0x000000005544c000 nmethod 1345 0x00000000030a9790 code [0x00000000030a9ec0, 0x00000000030aec48]
Event: 8.644 Thread 0x000000005544c000 1346       3       com.android.dx.ssa.Dominators::<init> (55 bytes)
Event: 8.646 Thread 0x000000005544c000 nmethod 1346 0x00000000030a2d50 code [0x00000000030a2ee0, 0x00000000030a3410]
Event: 8.646 Thread 0x000000005544c000 1347       3       com.android.dx.dex.file.ClassDefItem::addDirectMethod (9 bytes)
Event: 8.647 Thread 0x000000005544c000 nmethod 1347 0x00000000030a8b90 code [0x00000000030a8d40, 0x00000000030a93d8]
Event: 8.647 Thread 0x000000005544c000 1349   !   3       com.android.dx.cf.attrib.BaseLocalVariables::<init> (42 bytes)
Event: 8.649 Thread 0x000000005544c000 nmethod 1349 0x00000000030a2390 code [0x00000000030a2540, 0x00000000030a2ac8]

GC Heap History (4 events):
Event: 5.100 GC heap before
{Heap before GC invocations=1 (full 0):
 PSYoungGen      total 17920K, used 15360K [0x00000000eab00000, 0x00000000ebf00000, 0x0000000100000000)
  eden space 15360K, 100% used [0x00000000eab00000,0x00000000eba00000,0x00000000eba00000)
  from space 2560K, 0% used [0x00000000ebc80000,0x00000000ebc80000,0x00000000ebf00000)
  to   space 2560K, 0% used [0x00000000eba00000,0x00000000eba00000,0x00000000ebc80000)
 ParOldGen       total 40960K, used 0K [0x00000000c0000000, 0x00000000c2800000, 0x00000000eab00000)
  object space 40960K, 0% used [0x00000000c0000000,0x00000000c0000000,0x00000000c2800000)
 Metaspace       used 5657K, capacity 6768K, committed 7040K, reserved 1056768K
  class space    used 580K, capacity 616K, committed 640K, reserved 1048576K
Event: 5.494 GC heap after
Heap after GC invocations=1 (full 0):
 PSYoungGen      total 17920K, used 2551K [0x00000000eab00000, 0x00000000ece00000, 0x0000000100000000)
  eden space 15360K, 0% used [0x00000000eab00000,0x00000000eab00000,0x00000000eba00000)
  from space 2560K, 99% used [0x00000000eba00000,0x00000000ebc7dc78,0x00000000ebc80000)
  to   space 2560K, 0% used [0x00000000ecb80000,0x00000000ecb80000,0x00000000ece00000)
 ParOldGen       total 40960K, used 1437K [0x00000000c0000000, 0x00000000c2800000, 0x00000000eab00000)
  object space 40960K, 3% used [0x00000000c0000000,0x00000000c0167540,0x00000000c2800000)
 Metaspace       used 5657K, capacity 6768K, committed 7040K, reserved 1056768K
  class space    used 580K, capacity 616K, committed 640K, reserved 1048576K
}
Event: 8.400 GC heap before
{Heap before GC invocations=2 (full 0):
 PSYoungGen      total 17920K, used 17911K [0x00000000eab00000, 0x00000000ece00000, 0x0000000100000000)
  eden space 15360K, 100% used [0x00000000eab00000,0x00000000eba00000,0x00000000eba00000)
  from space 2560K, 99% used [0x00000000eba00000,0x00000000ebc7dc78,0x00000000ebc80000)
  to   space 2560K, 0% used [0x00000000ecb80000,0x00000000ecb80000,0x00000000ece00000)
 ParOldGen       total 40960K, used 1437K [0x00000000c0000000, 0x00000000c2800000, 0x00000000eab00000)
  object space 40960K, 3% used [0x00000000c0000000,0x00000000c0167540,0x00000000c2800000)
 Metaspace       used 5892K, capacity 6960K, committed 7040K, reserved 1056768K
  class space    used 583K, capacity 616K, committed 640K, reserved 1048576K
Event: 8.467 GC heap after
Heap after GC invocations=2 (full 0):
 PSYoungGen      total 33280K, used 2535K [0x00000000eab00000, 0x00000000ece00000, 0x0000000100000000)
  eden space 30720K, 0% used [0x00000000eab00000,0x00000000eab00000,0x00000000ec900000)
  from space 2560K, 99% used [0x00000000ecb80000,0x00000000ecdf9c68,0x00000000ece00000)
  to   space 2560K, 0% used [0x00000000ec900000,0x00000000ec900000,0x00000000ecb80000)
 ParOldGen       total 40960K, used 3369K [0x00000000c0000000, 0x00000000c2800000, 0x00000000eab00000)
  object space 40960K, 8% used [0x00000000c0000000,0x00000000c034a6f0,0x00000000c2800000)
 Metaspace       used 5892K, capacity 6960K, committed 7040K, reserved 1056768K
  class space    used 583K, capacity 616K, committed 640K, reserved 1048576K
}

Deoptimization events (6 events):
Event: 5.640 Thread 0x0000000057892800 Uncommon trap: reason=class_check action=maybe_recompile pc=0x0000000002e68bd8 method=com.android.dx.ssa.NormalSsaInsn.accept(Lcom/android/dx/ssa/SsaInsn$Visitor;)V @ 9
Event: 5.640 Thread 0x0000000057892800 Uncommon trap: reason=class_check action=maybe_recompile pc=0x0000000002e68bd8 method=com.android.dx.ssa.NormalSsaInsn.accept(Lcom/android/dx/ssa/SsaInsn$Visitor;)V @ 9
Event: 5.640 Thread 0x0000000057892800 Uncommon trap: reason=class_check action=maybe_recompile pc=0x0000000002e68bd8 method=com.android.dx.ssa.NormalSsaInsn.accept(Lcom/android/dx/ssa/SsaInsn$Visitor;)V @ 9
Event: 5.640 Thread 0x0000000057892800 Uncommon trap: reason=class_check action=maybe_recompile pc=0x0000000002e68bd8 method=com.android.dx.ssa.NormalSsaInsn.accept(Lcom/android/dx/ssa/SsaInsn$Visitor;)V @ 9
Event: 5.641 Thread 0x0000000057892800 Uncommon trap: reason=class_check action=maybe_recompile pc=0x0000000002df3b20 method=com.android.dx.ssa.NormalSsaInsn.accept(Lcom/android/dx/ssa/SsaInsn$Visitor;)V @ 9
Event: 5.736 Thread 0x000000005789d800 Uncommon trap: reason=null_check action=make_not_entrant pc=0x0000000002f00f54 method=com.android.dx.rop.type.Type.equals(Ljava/lang/Object;)Z @ 8

Internal exceptions (10 events):
Event: 3.870 Thread 0x0000000057896000 Exception <a 'java/security/PrivilegedActionException'> (0x00000000eb48d910) thrown at [D:\re\workspace\8-2-build-windows-amd64-cygwin\jdk8u20\1074\hotspot\src\share\vm\prims\jvm.cpp, line 1275]
Event: 3.873 Thread 0x0000000057896000 Exception <a 'java/security/PrivilegedActionException'> (0x00000000eb493990) thrown at [D:\re\workspace\8-2-build-windows-amd64-cygwin\jdk8u20\1074\hotspot\src\share\vm\prims\jvm.cpp, line 1275]
Event: 3.876 Thread 0x0000000057896000 Exception <a 'java/security/PrivilegedActionException'> (0x00000000eb4980b8) thrown at [D:\re\workspace\8-2-build-windows-amd64-cygwin\jdk8u20\1074\hotspot\src\share\vm\prims\jvm.cpp, line 1275]
Event: 3.885 Thread 0x0000000057896000 Exception <a 'java/security/PrivilegedActionException'> (0x00000000eb4a3a48) thrown at [D:\re\workspace\8-2-build-windows-amd64-cygwin\jdk8u20\1074\hotspot\src\share\vm\prims\jvm.cpp, line 1275]
Event: 3.903 Thread 0x0000000057896000 Exception <a 'java/security/PrivilegedActionException'> (0x00000000eb4b6850) thrown at [D:\re\workspace\8-2-build-windows-amd64-cygwin\jdk8u20\1074\hotspot\src\share\vm\prims\jvm.cpp, line 1275]
Event: 3.939 Thread 0x0000000057896000 Exception <a 'java/security/PrivilegedActionException'> (0x00000000eb4d99a8) thrown at [D:\re\workspace\8-2-build-windows-amd64-cygwin\jdk8u20\1074\hotspot\src\share\vm\prims\jvm.cpp, line 1275]
Event: 4.891 Thread 0x0000000057892800 Exception <a 'java/security/PrivilegedActionException'> (0x00000000eb8e1b00) thrown at [D:\re\workspace\8-2-build-windows-amd64-cygwin\jdk8u20\1074\hotspot\src\share\vm\prims\jvm.cpp, line 1275]
Event: 5.736 Thread 0x000000005789d800 Implicit null exception at 0x0000000002f00e52 to 0x0000000002f00f45
Event: 6.481 Thread 0x000000005789d800 Exception <a 'java/security/PrivilegedActionException'> (0x00000000eb247130) thrown at [D:\re\workspace\8-2-build-windows-amd64-cygwin\jdk8u20\1074\hotspot\src\share\vm\prims\jvm.cpp, line 1275]
Event: 6.878 Thread 0x000000000253f800 Exception <a 'java/security/PrivilegedActionException'> (0x00000000eb72c0c0) thrown at [D:\re\workspace\8-2-build-windows-amd64-cygwin\jdk8u20\1074\hotspot\src\share\vm\prims\jvm.cpp, line 1275]

Events (10 events):
Event: 5.736 Thread 0x000000005789d800 DEOPT PACKING pc=0x0000000002f00f54 sp=0x00000000584fea00
Event: 5.736 Thread 0x000000005789d800 DEOPT UNPACKING pc=0x0000000002bd556a sp=0x00000000584fe998 mode 2
Event: 6.480 loading class com/android/dx/cf/code/SwitchList
Event: 6.480 loading class com/android/dx/cf/code/SwitchList done
Event: 6.763 Executing VM operation: ForceSafepoint
Event: 6.763 Executing VM operation: ForceSafepoint done
Event: 6.878 loading class com/android/dx/cf/attrib/AttLocalVariableTypeTable
Event: 6.878 loading class com/android/dx/cf/attrib/AttLocalVariableTypeTable done
Event: 8.400 Executing VM operation: ParallelGCFailedAllocation
Event: 8.467 Executing VM operation: ParallelGCFailedAllocation done


Dynamic libraries:
0x000000013ff30000 - 0x000000013ff64000 	C:\Program Files (x86)\Java\jdk1.8.0_20\bin\java.exe
0x00000000774e0000 - 0x0000000077689000 	C:\Windows\SYSTEM32\ntdll.dll
0x00000000772c0000 - 0x00000000773e0000 	C:\Windows\system32\kernel32.dll
0x000007fefd450000 - 0x000007fefd4bc000 	C:\Windows\system32\KERNELBASE.dll
0x0000000074f90000 - 0x0000000075017000 	C:\Windows\System32\SYSFER.DLL
0x000007fefde70000 - 0x000007fefdf4b000 	C:\Windows\system32\ADVAPI32.dll
0x000007fefd650000 - 0x000007fefd6ef000 	C:\Windows\system32\msvcrt.dll
0x000007fefe940000 - 0x000007fefe95f000 	C:\Windows\SYSTEM32\sechost.dll
0x000007fefe560000 - 0x000007fefe68d000 	C:\Windows\system32\RPCRT4.dll
0x00000000773e0000 - 0x00000000774da000 	C:\Windows\system32\USER32.dll
0x000007fefd8c0000 - 0x000007fefd927000 	C:\Windows\system32\GDI32.dll
0x000007fefe690000 - 0x000007fefe69e000 	C:\Windows\system32\LPK.dll
0x000007feff720000 - 0x000007feff7e9000 	C:\Windows\system32\USP10.dll
0x000007fefbcd0000 - 0x000007fefbec4000 	C:\Windows\WinSxS\amd64_microsoft.windows.common-controls_6595b64144ccf1df_6.0.7601.18837_none_fa3b1e3d17594757\COMCTL32.dll
0x000007fefdf50000 - 0x000007fefdfc1000 	C:\Windows\system32\SHLWAPI.dll
0x000007feff6f0000 - 0x000007feff71e000 	C:\Windows\system32\IMM32.DLL
0x000007fefe6a0000 - 0x000007fefe7a9000 	C:\Windows\system32\MSCTF.dll
0x000000005a840000 - 0x000000005a912000 	C:\Program Files (x86)\Java\jdk1.8.0_20\jre\bin\msvcr100.dll
0x0000000055ae0000 - 0x0000000056338000 	C:\Program Files (x86)\Java\jdk1.8.0_20\jre\bin\server\jvm.dll
0x000007fef1b70000 - 0x000007fef1b79000 	C:\Windows\system32\WSOCK32.dll
0x000007fefd770000 - 0x000007fefd7bd000 	C:\Windows\system32\WS2_32.dll
0x000007fefd640000 - 0x000007fefd648000 	C:\Windows\system32\NSI.dll
0x000007fefadd0000 - 0x000007fefae0b000 	C:\Windows\system32\WINMM.dll
0x00000000776a0000 - 0x00000000776a7000 	C:\Windows\system32\PSAPI.DLL
0x0000000070530000 - 0x000000007053f000 	C:\Program Files (x86)\Java\jdk1.8.0_20\jre\bin\verify.dll
0x0000000070050000 - 0x0000000070078000 	C:\Program Files (x86)\Java\jdk1.8.0_20\jre\bin\java.dll
0x0000000070030000 - 0x0000000070046000 	C:\Program Files (x86)\Java\jdk1.8.0_20\jre\bin\zip.dll
0x000007fefe960000 - 0x000007feff6e9000 	C:\Windows\system32\SHELL32.dll
0x000007fefe0b0000 - 0x000007fefe2b3000 	C:\Windows\system32\ole32.dll
0x000007fefd290000 - 0x000007fefd29f000 	C:\Windows\system32\profapi.dll

VM Arguments:
jvm_args: -Xmx1024M -Dfile.encoding=windows-1252 -Duser.country=FR -Duser.language=fr -Duser.variant 
java_command: com.android.dx.command.Main --dex --num-threads=4 --output D:\Users\tamiand\Desktop\projetWhatIEat\projetWhatIEat\WhatIEat\app\build\intermediates\pre-dexed\debug\internal_impl-23.0.1-67c2a946bc246b27e0d8d529189a135fbdd326f0.jar D:\Users\tamiand\Desktop\projetWhatIEat\projetWhatIEat\WhatIEat\app\build\intermediates\exploded-aar\com.android.support\support-v4\23.0.1\jars\libs\internal_impl-23.0.1.jar
java_class_path (initial): D:\androidStudio\sdk\build-tools\23.0.1\lib\dx.jar
Launcher Type: SUN_STANDARD

Environment Variables:
JAVA_HOME=C:\Program Files (x86)\Java\jdk1.7.0_67\jre
PATH=C:\Program Files (x86)\Yaws-1.90\bin;C:\ProgramData\Oracle\Java\javapath;C:\Windows\system32;C:\Windows;C:\Windows\System32\Wbem;C:\Windows\System32\WindowsPowerShell\v1.0\;C:\Program Files (x86)\Lenovo\Access Connections\;C:\Program Files (x86)\MySQL\MySQL Utilities 1.4.3\;C:\Program Files (x86)\MySQL\MySQL Utilities 1.4.3\Doctrine extensions for PHP\;D:\apps\apache-maven\apache-maven-3.2.3\bin;C:\Program Files\Java\jdk1.8.0_20;D:\apps\mongodb-2.6.4\bin;C:\MinGW\bin;C:\Python27;C:\Program Files (x86)\Git\bin;C:\Program Files (x86)\swipl\bin;C:\Program Files\TortoiseSVN\bin;C:\Program Files (x86)\Subversion\bin;D:\Users\tamiand\Downloads\scala\sbt\bin;C:\Program Files (x86)\erl6.4\bin;C:\Program Files (x86)\nodejs\;C:\Program Files\PostgreSQL\9.4\bin;C:\Python27\Scripts;D:\apps\apache-maven\apache-maven-3.2.3\bin;C:\Program Files\Java\jdk1.8.0_20\bin;C:\Python27;C:\Program Files (x86)\Git\bin;C:\Program Files (x86)\swipl\bin;C:\Users\tamiand\AppData\Roaming\npm;C:\Program Files\PostgreSQL\9.4\bin
USERNAME=tamiand
OS=Windows_NT
PROCESSOR_IDENTIFIER=Intel64 Family 6 Model 60 Stepping 3, GenuineIntel



---------------  S Y S T E M  ---------------

OS: Windows 7 , 64 bit Build 7601 Service Pack 1

CPU:total 4 (2 cores per cpu, 2 threads per core) family 6 model 60 stepping 3, cmov, cx8, fxsr, mmx, sse, sse2, sse3, ssse3, sse4.1, sse4.2, popcnt, avx, avx2, aes, clmul, erms, rtm, lzcnt, ht, tsc, tscinvbit, bmi1, bmi2

Memory: 4k page, physical 3874556k(848964k free), swap 5420268k(5096k free)

vm_info: Java HotSpot(TM) 64-Bit Server VM (25.20-b23) for windows-amd64 JRE (1.8.0_20-b26), built on Jul 30 2014 13:51:23 by "java_re" with MS VC++ 10.0 (VS2010)

time: Fri Mar 04 09:32:16 2016
elapsed time: 8 seconds (0d 0h 0m 8s)

