#
# There is insufficient memory for the Java Runtime Environment to continue.
# Native memory allocation (malloc) failed to allocate 262160 bytes for Chunk::new
# Possible reasons:
#   The system is out of physical RAM or swap space
#   In 32 bit mode, the process size limit was hit
# Possible solutions:
#   Reduce memory load on the system
#   Increase physical memory or swap space
#   Check if swap backing store is full
#   Use 64 bit Java on a 64 bit OS
#   Decrease Java heap size (-Xmx/-Xms)
#   Decrease number of Java threads
#   Decrease Java thread stack sizes (-Xss)
#   Set larger code cache with -XX:ReservedCodeCacheSize=
# This output file may be truncated or incomplete.
#
#  Out of Memory Error (allocation.cpp:390), pid=6232, tid=6928
#
# JRE version: Java(TM) SE Runtime Environment (8.0_20-b26) (build 1.8.0_20-b26)
# Java VM: Java HotSpot(TM) 64-Bit Server VM (25.20-b23 mixed mode windows-amd64 compressed oops)
# Failed to write core dump. Minidumps are not enabled by default on client versions of Windows
#

---------------  T H R E A D  ---------------

Current thread (0x0000000057108000):  JavaThread "C2 CompilerThread1" daemon [_thread_in_native, id=6928, stack(0x0000000057660000,0x0000000057760000)]

Stack: [0x0000000057660000,0x0000000057760000]
Native frames: (J=compiled Java code, j=interpreted, Vv=VM code, C=native code)
V  [jvm.dll+0x3152fa]


Current CompileTask:
C2:  25188 2078       4       com.android.dx.cf.direct.StdAttributeFactory::parse0 (532 bytes)


---------------  P R O C E S S  ---------------

Java Threads: ( => current thread )
  0x0000000057380000 JavaThread "pool-1-thread-4" [_thread_blocked, id=6584, stack(0x0000000058480000,0x0000000058580000)]
  0x000000005737e000 JavaThread "pool-1-thread-3" [_thread_blocked, id=3512, stack(0x00000000581d0000,0x00000000582d0000)]
  0x000000005737b800 JavaThread "pool-1-thread-2" [_thread_blocked, id=4364, stack(0x00000000580c0000,0x00000000581c0000)]
  0x0000000057376000 JavaThread "pool-2-thread-1" [_thread_blocked, id=6360, stack(0x0000000057ef0000,0x0000000057ff0000)]
  0x0000000057373800 JavaThread "pool-1-thread-1" [_thread_blocked, id=7076, stack(0x0000000057cc0000,0x0000000057dc0000)]
  0x0000000057166000 JavaThread "Service Thread" daemon [_thread_blocked, id=5396, stack(0x0000000057bc0000,0x0000000057cc0000)]
  0x000000005710a800 JavaThread "C1 CompilerThread2" daemon [_thread_blocked, id=2076, stack(0x0000000057940000,0x0000000057a40000)]
=>0x0000000057108000 JavaThread "C2 CompilerThread1" daemon [_thread_in_native, id=6928, stack(0x0000000057660000,0x0000000057760000)]
  0x0000000057100800 JavaThread "C2 CompilerThread0" daemon [_thread_in_native, id=6156, stack(0x0000000057760000,0x0000000057860000)]
  0x00000000553c4000 JavaThread "Attach Listener" daemon [_thread_blocked, id=6528, stack(0x0000000056ed0000,0x0000000056fd0000)]
  0x00000000553c0800 JavaThread "Signal Dispatcher" daemon [_thread_blocked, id=2920, stack(0x0000000057560000,0x0000000057660000)]
  0x000000005535f000 JavaThread "Finalizer" daemon [_thread_blocked, id=4840, stack(0x0000000057000000,0x0000000057100000)]
  0x000000005535b800 JavaThread "Reference Handler" daemon [_thread_blocked, id=5788, stack(0x0000000056c00000,0x0000000056d00000)]
  0x0000000001faf800 JavaThread "main" [_thread_blocked, id=1700, stack(0x00000000025d0000,0x00000000026d0000)]

Other Threads:
  0x0000000055356000 VMThread [stack: 0x0000000056da0000,0x0000000056ea0000] [id=6856]
  0x0000000057182000 WatcherThread [stack: 0x0000000057ac0000,0x0000000057bc0000] [id=3648]

VM state:not at safepoint (normal execution)

VM Mutex/Monitor currently owned by a thread: None

Heap:
 PSYoungGen      total 68608K, used 18114K [0x00000000eab00000, 0x00000000f3a00000, 0x0000000100000000)
  eden space 60416K, 16% used [0x00000000eab00000,0x00000000eb4b6558,0x00000000ee600000)
  from space 8192K, 99% used [0x00000000ee600000,0x00000000eedfa4d0,0x00000000eee00000)
  to   space 12800K, 0% used [0x00000000f2d80000,0x00000000f2d80000,0x00000000f3a00000)
 ParOldGen       total 40960K, used 22201K [0x00000000c0000000, 0x00000000c2800000, 0x00000000eab00000)
  object space 40960K, 54% used [0x00000000c0000000,0x00000000c15ae650,0x00000000c2800000)
 Metaspace       used 6197K, capacity 7154K, committed 7296K, reserved 1056768K
  class space    used 601K, capacity 618K, committed 640K, reserved 1048576K

Card table byte_map: [0x0000000011d60000,0x0000000011f70000] byte_map_base: 0x0000000011760000

Marking Bits: (ParMarkBitMap*) 0x00000000562bb460
 Begin Bits: [0x00000000127d0000, 0x00000000137d0000)
 End Bits:   [0x00000000137d0000, 0x00000000147d0000)

Polling page: 0x0000000000150000

CodeCache: size=245760Kb used=7945Kb max_used=7958Kb free=237814Kb
 bounds [0x00000000029a0000, 0x0000000003170000, 0x00000000119a0000]
 total_blobs=2117 nmethods=1852 adapters=178
 compilation: enabled

Compilation events (10 events):
Event: 24.813 Thread 0x0000000057100800 nmethod 2032 0x00000000031301d0 code [0x0000000003130340, 0x0000000003130798]
Event: 24.890 Thread 0x0000000057108000 nmethod 2039% 0x000000000316a510 code [0x000000000316a7a0, 0x000000000316c388]
Event: 25.046 Thread 0x000000005710a800 2074       3       java.util.concurrent.locks.AbstractQueuedSynchronizer::setHead (16 bytes)
Event: 25.046 Thread 0x000000005710a800 nmethod 2074 0x000000000312fe10 code [0x000000000312ff60, 0x0000000003130110]
Event: 25.049 Thread 0x0000000057100800 2075   !   4       com.android.dx.cf.cst.ConstantPoolParser::parse0 (731 bytes)
Event: 25.050 Thread 0x000000005710a800 2076   !   3       java.util.zip.Inflater::reset (69 bytes)
Event: 25.051 Thread 0x000000005710a800 nmethod 2076 0x0000000003141950 code [0x0000000003141ae0, 0x0000000003141f18]
Event: 25.052 Thread 0x0000000057108000 2077   !   4       com.android.dx.cf.direct.AttributeFactory::parse (248 bytes)
Event: 25.073 Thread 0x0000000057108000 nmethod 2077 0x0000000003140b10 code [0x0000000003140ca0, 0x0000000003141378]
Event: 25.073 Thread 0x0000000057108000 2078       4       com.android.dx.cf.direct.StdAttributeFactory::parse0 (532 bytes)

GC Heap History (10 events):
Event: 5.688 GC heap before
{Heap before GC invocations=3 (full 0):
 PSYoungGen      total 17920K, used 17904K [0x00000000eab00000, 0x00000000ece00000, 0x0000000100000000)
  eden space 15360K, 100% used [0x00000000eab00000,0x00000000eba00000,0x00000000eba00000)
  from space 2560K, 99% used [0x00000000ebc80000,0x00000000ebefc038,0x00000000ebf00000)
  to   space 2560K, 0% used [0x00000000eba00000,0x00000000eba00000,0x00000000ebc80000)
 ParOldGen       total 40960K, used 4842K [0x00000000c0000000, 0x00000000c2800000, 0x00000000eab00000)
  object space 40960K, 11% used [0x00000000c0000000,0x00000000c04ba818,0x00000000c2800000)
 Metaspace       used 5846K, capacity 6896K, committed 7040K, reserved 1056768K
  class space    used 580K, capacity 616K, committed 640K, reserved 1048576K
Event: 5.733 GC heap after
Heap after GC invocations=3 (full 0):
 PSYoungGen      total 17920K, used 2544K [0x00000000eab00000, 0x00000000ece00000, 0x0000000100000000)
  eden space 15360K, 0% used [0x00000000eab00000,0x00000000eab00000,0x00000000eba00000)
  from space 2560K, 99% used [0x00000000eba00000,0x00000000ebc7c058,0x00000000ebc80000)
  to   space 2560K, 0% used [0x00000000ecb80000,0x00000000ecb80000,0x00000000ece00000)
 ParOldGen       total 40960K, used 7122K [0x00000000c0000000, 0x00000000c2800000, 0x00000000eab00000)
  object space 40960K, 17% used [0x00000000c0000000,0x00000000c06f4b18,0x00000000c2800000)
 Metaspace       used 5846K, capacity 6896K, committed 7040K, reserved 1056768K
  class space    used 580K, capacity 616K, committed 640K, reserved 1048576K
}
Event: 6.744 GC heap before
{Heap before GC invocations=4 (full 0):
 PSYoungGen      total 17920K, used 17904K [0x00000000eab00000, 0x00000000ece00000, 0x0000000100000000)
  eden space 15360K, 100% used [0x00000000eab00000,0x00000000eba00000,0x00000000eba00000)
  from space 2560K, 99% used [0x00000000eba00000,0x00000000ebc7c058,0x00000000ebc80000)
  to   space 2560K, 0% used [0x00000000ecb80000,0x00000000ecb80000,0x00000000ece00000)
 ParOldGen       total 40960K, used 7122K [0x00000000c0000000, 0x00000000c2800000, 0x00000000eab00000)
  object space 40960K, 17% used [0x00000000c0000000,0x00000000c06f4b18,0x00000000c2800000)
 Metaspace       used 5949K, capacity 7024K, committed 7296K, reserved 1056768K
  class space    used 581K, capacity 616K, committed 640K, reserved 1048576K
Event: 6.832 GC heap after
Heap after GC invocations=4 (full 0):
 PSYoungGen      total 33280K, used 2545K [0x00000000eab00000, 0x00000000ece00000, 0x0000000100000000)
  eden space 30720K, 0% used [0x00000000eab00000,0x00000000eab00000,0x00000000ec900000)
  from space 2560K, 99% used [0x00000000ecb80000,0x00000000ecdfc458,0x00000000ece00000)
  to   space 2560K, 0% used [0x00000000ec900000,0x00000000ec900000,0x00000000ecb80000)
 ParOldGen       total 40960K, used 9461K [0x00000000c0000000, 0x00000000c2800000, 0x00000000eab00000)
  object space 40960K, 23% used [0x00000000c0000000,0x00000000c093d5a8,0x00000000c2800000)
 Metaspace       used 5949K, capacity 7024K, committed 7296K, reserved 1056768K
  class space    used 581K, capacity 616K, committed 640K, reserved 1048576K
}
Event: 8.014 GC heap before
{Heap before GC invocations=5 (full 0):
 PSYoungGen      total 33280K, used 33265K [0x00000000eab00000, 0x00000000ece00000, 0x0000000100000000)
  eden space 30720K, 100% used [0x00000000eab00000,0x00000000ec900000,0x00000000ec900000)
  from space 2560K, 99% used [0x00000000ecb80000,0x00000000ecdfc458,0x00000000ece00000)
  to   space 2560K, 0% used [0x00000000ec900000,0x00000000ec900000,0x00000000ecb80000)
 ParOldGen       total 40960K, used 9461K [0x00000000c0000000, 0x00000000c2800000, 0x00000000eab00000)
  object space 40960K, 23% used [0x00000000c0000000,0x00000000c093d5a8,0x00000000c2800000)
 Metaspace       used 6130K, capacity 7090K, committed 7296K, reserved 1056768K
  class space    used 600K, capacity 618K, committed 640K, reserved 1048576K
Event: 8.170 GC heap after
Heap after GC invocations=5 (full 0):
 PSYoungGen      total 33280K, used 2553K [0x00000000eab00000, 0x00000000ef500000, 0x0000000100000000)
  eden space 30720K, 0% used [0x00000000eab00000,0x00000000eab00000,0x00000000ec900000)
  from space 2560K, 99% used [0x00000000ec900000,0x00000000ecb7e4d8,0x00000000ecb80000)
  to   space 7168K, 0% used [0x00000000eee00000,0x00000000eee00000,0x00000000ef500000)
 ParOldGen       total 40960K, used 14113K [0x00000000c0000000, 0x00000000c2800000, 0x00000000eab00000)
  object space 40960K, 34% used [0x00000000c0000000,0x00000000c0dc84c8,0x00000000c2800000)
 Metaspace       used 6130K, capacity 7090K, committed 7296K, reserved 1056768K
  class space    used 600K, capacity 618K, committed 640K, reserved 1048576K
}
Event: 11.824 GC heap before
{Heap before GC invocations=6 (full 0):
 PSYoungGen      total 33280K, used 33273K [0x00000000eab00000, 0x00000000ef500000, 0x0000000100000000)
  eden space 30720K, 100% used [0x00000000eab00000,0x00000000ec900000,0x00000000ec900000)
  from space 2560K, 99% used [0x00000000ec900000,0x00000000ecb7e4d8,0x00000000ecb80000)
  to   space 7168K, 0% used [0x00000000eee00000,0x00000000eee00000,0x00000000ef500000)
 ParOldGen       total 40960K, used 14113K [0x00000000c0000000, 0x00000000c2800000, 0x00000000eab00000)
  object space 40960K, 34% used [0x00000000c0000000,0x00000000c0dc84c8,0x00000000c2800000)
 Metaspace       used 6141K, capacity 7090K, committed 7296K, reserved 1056768K
  class space    used 600K, capacity 618K, committed 640K, reserved 1048576K
Event: 12.290 GC heap after
Heap after GC invocations=6 (full 0):
 PSYoungGen      total 67584K, used 7139K [0x00000000eab00000, 0x00000000ef700000, 0x0000000100000000)
  eden space 60416K, 0% used [0x00000000eab00000,0x00000000eab00000,0x00000000ee600000)
  from space 7168K, 99% used [0x00000000eee00000,0x00000000ef4f8c58,0x00000000ef500000)
  to   space 8192K, 0% used [0x00000000ee600000,0x00000000ee600000,0x00000000eee00000)
 ParOldGen       total 40960K, used 14194K [0x00000000c0000000, 0x00000000c2800000, 0x00000000eab00000)
  object space 40960K, 34% used [0x00000000c0000000,0x00000000c0ddca08,0x00000000c2800000)
 Metaspace       used 6141K, capacity 7090K, committed 7296K, reserved 1056768K
  class space    used 600K, capacity 618K, committed 640K, reserved 1048576K
}
Event: 20.752 GC heap before
{Heap before GC invocations=7 (full 0):
 PSYoungGen      total 67584K, used 67555K [0x00000000eab00000, 0x00000000ef700000, 0x0000000100000000)
  eden space 60416K, 100% used [0x00000000eab00000,0x00000000ee600000,0x00000000ee600000)
  from space 7168K, 99% used [0x00000000eee00000,0x00000000ef4f8c58,0x00000000ef500000)
  to   space 8192K, 0% used [0x00000000ee600000,0x00000000ee600000,0x00000000eee00000)
 ParOldGen       total 40960K, used 14194K [0x00000000c0000000, 0x00000000c2800000, 0x00000000eab00000)
  object space 40960K, 34% used [0x00000000c0000000,0x00000000c0ddca08,0x00000000c2800000)
 Metaspace       used 6192K, capacity 7154K, committed 7296K, reserved 1056768K
  class space    used 600K, capacity 618K, committed 640K, reserved 1048576K
Event: 21.267 GC heap after
Heap after GC invocations=7 (full 0):
 PSYoungGen      total 68608K, used 8169K [0x00000000eab00000, 0x00000000f3a00000, 0x0000000100000000)
  eden space 60416K, 0% used [0x00000000eab00000,0x00000000eab00000,0x00000000ee600000)
  from space 8192K, 99% used [0x00000000ee600000,0x00000000eedfa4d0,0x00000000eee00000)
  to   space 12800K, 0% used [0x00000000f2d80000,0x00000000f2d80000,0x00000000f3a00000)
 ParOldGen       total 40960K, used 22201K [0x00000000c0000000, 0x00000000c2800000, 0x00000000eab00000)
  object space 40960K, 54% used [0x00000000c0000000,0x00000000c15ae650,0x00000000c2800000)
 Metaspace       used 6192K, capacity 7154K, committed 7296K, reserved 1056768K
  class space    used 600K, capacity 618K, committed 640K, reserved 1048576K
}

Deoptimization events (10 events):
Event: 10.375 Thread 0x000000005737e000 Uncommon trap: reason=bimorphic action=maybe_recompile pc=0x0000000002fc9574 method=com.android.dx.cf.code.BytecodeArray.parseInstruction(ILcom/android/dx/cf/code/BytecodeArray$Visitor;)I @ 1161
Event: 10.376 Thread 0x000000005737e000 Uncommon trap: reason=bimorphic action=maybe_recompile pc=0x0000000002fc9574 method=com.android.dx.cf.code.BytecodeArray.parseInstruction(ILcom/android/dx/cf/code/BytecodeArray$Visitor;)I @ 1161
Event: 10.376 Thread 0x000000005737e000 Uncommon trap: reason=bimorphic action=maybe_recompile pc=0x0000000002fc9664 method=com.android.dx.cf.code.BytecodeArray.parseInstruction(ILcom/android/dx/cf/code/BytecodeArray$Visitor;)I @ 1224
Event: 10.376 Thread 0x000000005737e000 Uncommon trap: reason=bimorphic action=maybe_recompile pc=0x0000000002fc9664 method=com.android.dx.cf.code.BytecodeArray.parseInstruction(ILcom/android/dx/cf/code/BytecodeArray$Visitor;)I @ 1224
Event: 17.785 Thread 0x000000005737b800 Uncommon trap: reason=bimorphic action=maybe_recompile pc=0x0000000002f34e74 method=com.android.dx.rop.code.RegisterSpec.withSimpleType()Lcom/android/dx/rop/code/RegisterSpec; @ 21
Event: 18.709 Thread 0x000000005737b800 Uncommon trap: reason=bimorphic action=maybe_recompile pc=0x0000000002f34e74 method=com.android.dx.rop.code.RegisterSpec.withSimpleType()Lcom/android/dx/rop/code/RegisterSpec; @ 21
Event: 20.254 Thread 0x000000005737e000 Uncommon trap: reason=bimorphic action=maybe_recompile pc=0x0000000002f34e74 method=com.android.dx.rop.code.RegisterSpec.withSimpleType()Lcom/android/dx/rop/code/RegisterSpec; @ 21
Event: 20.292 Thread 0x000000005737e000 Uncommon trap: reason=bimorphic action=maybe_recompile pc=0x0000000002f34e74 method=com.android.dx.rop.code.RegisterSpec.withSimpleType()Lcom/android/dx/rop/code/RegisterSpec; @ 21
Event: 20.720 Thread 0x000000005737e000 Uncommon trap: reason=bimorphic action=maybe_recompile pc=0x000000000300e850 method=com.android.dx.cf.code.BytecodeArray.parseInstruction(ILcom/android/dx/cf/code/BytecodeArray$Visitor;)I @ 2135
Event: 20.722 Thread 0x000000005737e000 Uncommon trap: reason=bimorphic action=maybe_recompile pc=0x000000000300e850 method=com.android.dx.cf.code.BytecodeArray.parseInstruction(ILcom/android/dx/cf/code/BytecodeArray$Visitor;)I @ 2135

Internal exceptions (10 events):
Event: 2.918 Thread 0x0000000057380000 Exception <a 'java/security/PrivilegedActionException'> (0x00000000eb34c780) thrown at [D:\re\workspace\8-2-build-windows-amd64-cygwin\jdk8u20\1074\hotspot\src\share\vm\prims\jvm.cpp, line 1275]
Event: 2.920 Thread 0x0000000057380000 Exception <a 'java/security/PrivilegedActionException'> (0x00000000eb350c98) thrown at [D:\re\workspace\8-2-build-windows-amd64-cygwin\jdk8u20\1074\hotspot\src\share\vm\prims\jvm.cpp, line 1275]
Event: 2.936 Thread 0x0000000057380000 Exception <a 'java/security/PrivilegedActionException'> (0x00000000eb35b338) thrown at [D:\re\workspace\8-2-build-windows-amd64-cygwin\jdk8u20\1074\hotspot\src\share\vm\prims\jvm.cpp, line 1275]
Event: 6.445 Thread 0x0000000057373800 Exception <a 'java/security/PrivilegedActionException'> (0x00000000eaef3bf0) thrown at [D:\re\workspace\8-2-build-windows-amd64-cygwin\jdk8u20\1074\hotspot\src\share\vm\prims\jvm.cpp, line 1275]
Event: 6.625 Thread 0x000000005737b800 Exception <a 'java/security/PrivilegedActionException'> (0x00000000eb64cbc8) thrown at [D:\re\workspace\8-2-build-windows-amd64-cygwin\jdk8u20\1074\hotspot\src\share\vm\prims\jvm.cpp, line 1275]
Event: 7.983 Thread 0x0000000057380000 Exception <a 'java/lang/ArrayIndexOutOfBoundsException': 18> (0x00000000ec767a78) thrown at [D:\re\workspace\8-2-build-windows-amd64-cygwin\jdk8u20\1074\hotspot\src\share\vm\interpreter\interpreterRuntime.cpp, line 366]
Event: 7.984 Thread 0x0000000057380000 Exception <a 'java/lang/ArrayIndexOutOfBoundsException': 145> (0x00000000ec769510) thrown at [D:\re\workspace\8-2-build-windows-amd64-cygwin\jdk8u20\1074\hotspot\src\share\vm\interpreter\interpreterRuntime.cpp, line 366]
Event: 7.986 Thread 0x0000000057380000 Exception <a 'java/lang/ArrayIndexOutOfBoundsException'> (0x00000000ec76a728) thrown at [D:\re\workspace\8-2-build-windows-amd64-cygwin\jdk8u20\1074\hotspot\src\share\vm\runtime\sharedRuntime.cpp, line 604]
Event: 22.079 Thread 0x000000005737e000 Exception <a 'java/security/PrivilegedActionException'> (0x00000000eac31480) thrown at [D:\re\workspace\8-2-build-windows-amd64-cygwin\jdk8u20\1074\hotspot\src\share\vm\prims\jvm.cpp, line 1275]
Event: 25.049 Thread 0x0000000001faf800 Exception <a 'java/security/PrivilegedActionException'> (0x00000000eb474550) thrown at [D:\re\workspace\8-2-build-windows-amd64-cygwin\jdk8u20\1074\hotspot\src\share\vm\prims\jvm.cpp, line 1275]

Events (10 events):
Event: 20.752 Executing VM operation: ParallelGCFailedAllocation
Event: 21.267 Executing VM operation: ParallelGCFailedAllocation done
Event: 22.078 loading class com/android/dx/rop/code/RegisterSpec$1
Event: 22.078 loading class com/android/dx/rop/code/RegisterSpec$1 done
Event: 23.248 Thread 0x000000005737b800 DEOPT PACKING pc=0x0000000002ea5152 sp=0x00000000581be630
Event: 23.248 Thread 0x000000005737b800 DEOPT UNPACKING pc=0x00000000029e75bf sp=0x00000000581be390 mode 0
Event: 24.124 Thread 0x0000000057373800 DEOPT PACKING pc=0x00000000030ae3e2 sp=0x0000000057dbebc0
Event: 24.124 Thread 0x0000000057373800 DEOPT UNPACKING pc=0x00000000029e75bf sp=0x0000000057dbe8e0 mode 0
Event: 25.049 loading class com/android/dx/cf/iface/ParseObserver
Event: 25.049 loading class com/android/dx/cf/iface/ParseObserver done


Dynamic libraries:
0x000000013ff30000 - 0x000000013ff64000 	C:\Program Files (x86)\Java\jdk1.8.0_20\bin\java.exe
0x00000000774e0000 - 0x0000000077689000 	C:\Windows\SYSTEM32\ntdll.dll
0x00000000772c0000 - 0x00000000773e0000 	C:\Windows\system32\kernel32.dll
0x000007fefd450000 - 0x000007fefd4bc000 	C:\Windows\system32\KERNELBASE.dll
0x0000000074f90000 - 0x0000000075017000 	C:\Windows\System32\SYSFER.DLL
0x000007fefde70000 - 0x000007fefdf4b000 	C:\Windows\system32\ADVAPI32.dll
0x000007fefd650000 - 0x000007fefd6ef000 	C:\Windows\system32\msvcrt.dll
0x000007fefe940000 - 0x000007fefe95f000 	C:\Windows\SYSTEM32\sechost.dll
0x000007fefe560000 - 0x000007fefe68d000 	C:\Windows\system32\RPCRT4.dll
0x00000000773e0000 - 0x00000000774da000 	C:\Windows\system32\USER32.dll
0x000007fefd8c0000 - 0x000007fefd927000 	C:\Windows\system32\GDI32.dll
0x000007fefe690000 - 0x000007fefe69e000 	C:\Windows\system32\LPK.dll
0x000007feff720000 - 0x000007feff7e9000 	C:\Windows\system32\USP10.dll
0x000007fefbcd0000 - 0x000007fefbec4000 	C:\Windows\WinSxS\amd64_microsoft.windows.common-controls_6595b64144ccf1df_6.0.7601.18837_none_fa3b1e3d17594757\COMCTL32.dll
0x000007fefdf50000 - 0x000007fefdfc1000 	C:\Windows\system32\SHLWAPI.dll
0x000007feff6f0000 - 0x000007feff71e000 	C:\Windows\system32\IMM32.DLL
0x000007fefe6a0000 - 0x000007fefe7a9000 	C:\Windows\system32\MSCTF.dll
0x000000005a840000 - 0x000000005a912000 	C:\Program Files (x86)\Java\jdk1.8.0_20\jre\bin\msvcr100.dll
0x0000000055ae0000 - 0x0000000056338000 	C:\Program Files (x86)\Java\jdk1.8.0_20\jre\bin\server\jvm.dll
0x000007fef1b70000 - 0x000007fef1b79000 	C:\Windows\system32\WSOCK32.dll
0x000007fefd770000 - 0x000007fefd7bd000 	C:\Windows\system32\WS2_32.dll
0x000007fefd640000 - 0x000007fefd648000 	C:\Windows\system32\NSI.dll
0x000007fefadd0000 - 0x000007fefae0b000 	C:\Windows\system32\WINMM.dll
0x00000000776a0000 - 0x00000000776a7000 	C:\Windows\system32\PSAPI.DLL
0x0000000070530000 - 0x000000007053f000 	C:\Program Files (x86)\Java\jdk1.8.0_20\jre\bin\verify.dll
0x0000000070050000 - 0x0000000070078000 	C:\Program Files (x86)\Java\jdk1.8.0_20\jre\bin\java.dll
0x0000000070030000 - 0x0000000070046000 	C:\Program Files (x86)\Java\jdk1.8.0_20\jre\bin\zip.dll
0x000007fefe960000 - 0x000007feff6e9000 	C:\Windows\system32\SHELL32.dll
0x000007fefe0b0000 - 0x000007fefe2b3000 	C:\Windows\system32\ole32.dll
0x000007fefd290000 - 0x000007fefd29f000 	C:\Windows\system32\profapi.dll

VM Arguments:
jvm_args: -Xmx1024M -Dfile.encoding=windows-1252 -Duser.country=FR -Duser.language=fr -Duser.variant 
java_command: com.android.dx.command.Main --dex --num-threads=4 --output D:\Users\tamiand\Desktop\projetWhatIEat\projetWhatIEat\WhatIEat\app\build\intermediates\pre-dexed\debug\okhttp-2.7.0-e5e40aa3b75a7f824a2f0cda253324a77b6d638a.jar D:\Users\tamiand\.gradle\caches\modules-2\files-2.1\com.squareup.okhttp\okhttp\2.7.0\1477ec5caf8319ab4b51eb43553cd66aa86fdea5\okhttp-2.7.0.jar
java_class_path (initial): D:\androidStudio\sdk\build-tools\23.0.1\lib\dx.jar
Launcher Type: SUN_STANDARD

Environment Variables:
JAVA_HOME=C:\Program Files (x86)\Java\jdk1.7.0_67\jre
PATH=C:\Program Files (x86)\Yaws-1.90\bin;C:\ProgramData\Oracle\Java\javapath;C:\Windows\system32;C:\Windows;C:\Windows\System32\Wbem;C:\Windows\System32\WindowsPowerShell\v1.0\;C:\Program Files (x86)\Lenovo\Access Connections\;C:\Program Files (x86)\MySQL\MySQL Utilities 1.4.3\;C:\Program Files (x86)\MySQL\MySQL Utilities 1.4.3\Doctrine extensions for PHP\;D:\apps\apache-maven\apache-maven-3.2.3\bin;C:\Program Files\Java\jdk1.8.0_20;D:\apps\mongodb-2.6.4\bin;C:\MinGW\bin;C:\Python27;C:\Program Files (x86)\Git\bin;C:\Program Files (x86)\swipl\bin;C:\Program Files\TortoiseSVN\bin;C:\Program Files (x86)\Subversion\bin;D:\Users\tamiand\Downloads\scala\sbt\bin;C:\Program Files (x86)\erl6.4\bin;C:\Program Files (x86)\nodejs\;C:\Program Files\PostgreSQL\9.4\bin;C:\Python27\Scripts;D:\apps\apache-maven\apache-maven-3.2.3\bin;C:\Program Files\Java\jdk1.8.0_20\bin;C:\Python27;C:\Program Files (x86)\Git\bin;C:\Program Files (x86)\swipl\bin;C:\Users\tamiand\AppData\Roaming\npm;C:\Program Files\PostgreSQL\9.4\bin
USERNAME=tamiand
OS=Windows_NT
PROCESSOR_IDENTIFIER=Intel64 Family 6 Model 60 Stepping 3, GenuineIntel



---------------  S Y S T E M  ---------------

OS: Windows 7 , 64 bit Build 7601 Service Pack 1

CPU:total 4 (2 cores per cpu, 2 threads per core) family 6 model 60 stepping 3, cmov, cx8, fxsr, mmx, sse, sse2, sse3, ssse3, sse4.1, sse4.2, popcnt, avx, avx2, aes, clmul, erms, rtm, lzcnt, ht, tsc, tscinvbit, bmi1, bmi2

Memory: 4k page, physical 3874556k(768980k free), swap 5420268k(5124k free)

vm_info: Java HotSpot(TM) 64-Bit Server VM (25.20-b23) for windows-amd64 JRE (1.8.0_20-b26), built on Jul 30 2014 13:51:23 by "java_re" with MS VC++ 10.0 (VS2010)

time: Fri Mar 04 09:32:38 2016
elapsed time: 25 seconds (0d 0h 0m 25s)

