#
# There is insufficient memory for the Java Runtime Environment to continue.
# Native memory allocation (malloc) failed to allocate 131088 bytes for Chunk::new
# Possible reasons:
#   The system is out of physical RAM or swap space
#   In 32 bit mode, the process size limit was hit
# Possible solutions:
#   Reduce memory load on the system
#   Increase physical memory or swap space
#   Check if swap backing store is full
#   Use 64 bit Java on a 64 bit OS
#   Decrease Java heap size (-Xmx/-Xms)
#   Decrease number of Java threads
#   Decrease Java thread stack sizes (-Xss)
#   Set larger code cache with -XX:ReservedCodeCacheSize=
# This output file may be truncated or incomplete.
#
#  Out of Memory Error (allocation.cpp:390), pid=1028, tid=6812
#
# JRE version: Java(TM) SE Runtime Environment (8.0_20-b26) (build 1.8.0_20-b26)
# Java VM: Java HotSpot(TM) 64-Bit Server VM (25.20-b23 mixed mode windows-amd64 compressed oops)
# Failed to write core dump. Minidumps are not enabled by default on client versions of Windows
#

---------------  T H R E A D  ---------------

Current thread (0x00000000576df000):  JavaThread "C2 CompilerThread1" daemon [_thread_in_native, id=6812, stack(0x0000000057b10000,0x0000000057c10000)]

Stack: [0x0000000057b10000,0x0000000057c10000]
Native frames: (J=compiled Java code, j=interpreted, Vv=VM code, C=native code)
V  [jvm.dll+0x3152fa]


Current CompileTask:
C2:  71666 2126       4       com.android.dx.ssa.SsaConverter::edgeSplitMoveExceptionsAndResults (157 bytes)


---------------  P R O C E S S  ---------------

Java Threads: ( => current thread )
  0x0000000057904000 JavaThread "pool-1-thread-4" [_thread_blocked, id=5136, stack(0x00000000586c0000,0x00000000587c0000)]
  0x00000000578fb800 JavaThread "pool-1-thread-3" [_thread_blocked, id=5916, stack(0x00000000584f0000,0x00000000585f0000)]
  0x00000000578f6800 JavaThread "pool-1-thread-2" [_thread_blocked, id=4312, stack(0x00000000583a0000,0x00000000584a0000)]
  0x00000000578f6000 JavaThread "pool-2-thread-1" [_thread_blocked, id=6608, stack(0x0000000058270000,0x0000000058370000)]
  0x00000000578f4000 JavaThread "pool-1-thread-1" [_thread_in_vm, id=3344, stack(0x0000000058050000,0x0000000058150000)]
  0x00000000576e1800 JavaThread "Service Thread" daemon [_thread_blocked, id=4520, stack(0x0000000057ce0000,0x0000000057de0000)]
  0x00000000576e0800 JavaThread "C1 CompilerThread2" daemon [_thread_blocked, id=5584, stack(0x0000000057310000,0x0000000057410000)]
=>0x00000000576df000 JavaThread "C2 CompilerThread1" daemon [_thread_in_native, id=6812, stack(0x0000000057b10000,0x0000000057c10000)]
  0x0000000055419000 JavaThread "C2 CompilerThread0" daemon [_thread_blocked, id=5312, stack(0x0000000057590000,0x0000000057690000)]
  0x0000000055418000 JavaThread "Attach Listener" daemon [_thread_blocked, id=3764, stack(0x0000000057480000,0x0000000057580000)]
  0x0000000055411000 JavaThread "Signal Dispatcher" daemon [_thread_blocked, id=5056, stack(0x00000000571b0000,0x00000000572b0000)]
  0x00000000553af000 JavaThread "Finalizer" daemon [_thread_blocked, id=5632, stack(0x0000000057020000,0x0000000057120000)]
  0x00000000553ab800 JavaThread "Reference Handler" daemon [_thread_blocked, id=2828, stack(0x0000000056d60000,0x0000000056e60000)]
  0x00000000024bf800 JavaThread "main" [_thread_blocked, id=1204, stack(0x0000000002900000,0x0000000002a00000)]

Other Threads:
  0x00000000553a6000 VMThread [stack: 0x0000000056e60000,0x0000000056f60000] [id=5092]
  0x00000000576e7800 WatcherThread [stack: 0x0000000057f50000,0x0000000058050000] [id=1900]

VM state:not at safepoint (normal execution)

VM Mutex/Monitor currently owned by a thread: None

Heap:
 PSYoungGen      total 131072K, used 41163K [0x00000000eab00000, 0x00000000f4200000, 0x0000000100000000)
  eden space 118272K, 23% used [0x00000000eab00000,0x00000000ec6b3f18,0x00000000f1e80000)
  from space 12800K, 99% used [0x00000000f2e80000,0x00000000f3afed10,0x00000000f3b00000)
  to   space 16384K, 0% used [0x00000000f1e80000,0x00000000f1e80000,0x00000000f2e80000)
 ParOldGen       total 40960K, used 25800K [0x00000000c0000000, 0x00000000c2800000, 0x00000000eab00000)
  object space 40960K, 62% used [0x00000000c0000000,0x00000000c19322a0,0x00000000c2800000)
 Metaspace       used 6282K, capacity 7154K, committed 7296K, reserved 1056768K
  class space    used 605K, capacity 618K, committed 640K, reserved 1048576K

Card table byte_map: [0x0000000012090000,0x00000000122a0000] byte_map_base: 0x0000000011a90000

Marking Bits: (ParMarkBitMap*) 0x00000000562bb460
 Begin Bits: [0x0000000012820000, 0x0000000013820000)
 End Bits:   [0x0000000013820000, 0x0000000014820000)

Polling page: 0x0000000000250000

CodeCache: size=245760Kb used=9753Kb max_used=9766Kb free=236006Kb
 bounds [0x0000000002cd0000, 0x0000000003670000, 0x0000000011cd0000]
 total_blobs=2329 nmethods=2064 adapters=178
 compilation: enabled

Compilation events (10 events):
Event: 70.336 Thread 0x0000000055419000 nmethod 2121 0x000000000362c8d0 code [0x000000000362ca20, 0x000000000362cb48]
Event: 70.477 Thread 0x00000000576e0800 2122       3       com.android.dx.cf.direct.StdAttributeFactory::innerClasses (383 bytes)
Event: 70.484 Thread 0x00000000576df000 2124       4       com.android.dx.ssa.SsaBasicBlock::addMoveToEnd (172 bytes)
Event: 70.501 Thread 0x00000000576e0800 nmethod 2122 0x0000000003656e50 code [0x0000000003657880, 0x000000000365efa8]
Event: 70.502 Thread 0x00000000576e0800 2123       3       com.android.dx.ssa.NormalSsaInsn::changeOneSource (120 bytes)
Event: 70.506 Thread 0x00000000576e0800 nmethod 2123 0x0000000003636550 code [0x00000000036367e0, 0x0000000003637e98]
Event: 70.569 Thread 0x00000000576df000 nmethod 2124 0x0000000003644a90 code [0x0000000003644ca0, 0x0000000003645830]
Event: 71.589 Thread 0x0000000055419000 2125       4       com.android.dx.rop.code.RopMethod::<init> (53 bytes)
Event: 71.591 Thread 0x0000000055419000 nmethod 2125 0x0000000003610710 code [0x0000000003610840, 0x00000000036108d8]
Event: 71.596 Thread 0x00000000576df000 2126       4       com.android.dx.ssa.SsaConverter::edgeSplitMoveExceptionsAndResults (157 bytes)

GC Heap History (10 events):
Event: 19.807 GC heap before
{Heap before GC invocations=4 (full 0):
 PSYoungGen      total 17920K, used 17911K [0x00000000eab00000, 0x00000000ece00000, 0x0000000100000000)
  eden space 15360K, 100% used [0x00000000eab00000,0x00000000eba00000,0x00000000eba00000)
  from space 2560K, 99% used [0x00000000eba00000,0x00000000ebc7dde8,0x00000000ebc80000)
  to   space 2560K, 0% used [0x00000000ecb80000,0x00000000ecb80000,0x00000000ece00000)
 ParOldGen       total 40960K, used 5966K [0x00000000c0000000, 0x00000000c2800000, 0x00000000eab00000)
  object space 40960K, 14% used [0x00000000c0000000,0x00000000c05d3b00,0x00000000c2800000)
 Metaspace       used 6079K, capacity 7026K, committed 7296K, reserved 1056768K
  class space    used 603K, capacity 618K, committed 640K, reserved 1048576K
Event: 20.933 GC heap after
Heap after GC invocations=4 (full 0):
 PSYoungGen      total 33280K, used 2540K [0x00000000eab00000, 0x00000000ece00000, 0x0000000100000000)
  eden space 30720K, 0% used [0x00000000eab00000,0x00000000eab00000,0x00000000ec900000)
  from space 2560K, 99% used [0x00000000ecb80000,0x00000000ecdfb258,0x00000000ece00000)
  to   space 2560K, 0% used [0x00000000ec900000,0x00000000ec900000,0x00000000ecb80000)
 ParOldGen       total 40960K, used 7937K [0x00000000c0000000, 0x00000000c2800000, 0x00000000eab00000)
  object space 40960K, 19% used [0x00000000c0000000,0x00000000c07c07a0,0x00000000c2800000)
 Metaspace       used 6079K, capacity 7026K, committed 7296K, reserved 1056768K
  class space    used 603K, capacity 618K, committed 640K, reserved 1048576K
}
Event: 27.115 GC heap before
{Heap before GC invocations=5 (full 0):
 PSYoungGen      total 33280K, used 33260K [0x00000000eab00000, 0x00000000ece00000, 0x0000000100000000)
  eden space 30720K, 100% used [0x00000000eab00000,0x00000000ec900000,0x00000000ec900000)
  from space 2560K, 99% used [0x00000000ecb80000,0x00000000ecdfb258,0x00000000ece00000)
  to   space 2560K, 0% used [0x00000000ec900000,0x00000000ec900000,0x00000000ecb80000)
 ParOldGen       total 40960K, used 7937K [0x00000000c0000000, 0x00000000c2800000, 0x00000000eab00000)
  object space 40960K, 19% used [0x00000000c0000000,0x00000000c07c07a0,0x00000000c2800000)
 Metaspace       used 6144K, capacity 7090K, committed 7296K, reserved 1056768K
  class space    used 604K, capacity 618K, committed 640K, reserved 1048576K
Event: 28.065 GC heap after
Heap after GC invocations=5 (full 0):
 PSYoungGen      total 33280K, used 2531K [0x00000000eab00000, 0x00000000ef400000, 0x0000000100000000)
  eden space 30720K, 0% used [0x00000000eab00000,0x00000000eab00000,0x00000000ec900000)
  from space 2560K, 98% used [0x00000000ec900000,0x00000000ecb78f30,0x00000000ecb80000)
  to   space 6656K, 0% used [0x00000000eed80000,0x00000000eed80000,0x00000000ef400000)
 ParOldGen       total 40960K, used 12011K [0x00000000c0000000, 0x00000000c2800000, 0x00000000eab00000)
  object space 40960K, 29% used [0x00000000c0000000,0x00000000c0bbaca0,0x00000000c2800000)
 Metaspace       used 6144K, capacity 7090K, committed 7296K, reserved 1056768K
  class space    used 604K, capacity 618K, committed 640K, reserved 1048576K
}
Event: 36.011 GC heap before
{Heap before GC invocations=6 (full 0):
 PSYoungGen      total 33280K, used 33251K [0x00000000eab00000, 0x00000000ef400000, 0x0000000100000000)
  eden space 30720K, 100% used [0x00000000eab00000,0x00000000ec900000,0x00000000ec900000)
  from space 2560K, 98% used [0x00000000ec900000,0x00000000ecb78f30,0x00000000ecb80000)
  to   space 6656K, 0% used [0x00000000eed80000,0x00000000eed80000,0x00000000ef400000)
 ParOldGen       total 40960K, used 12011K [0x00000000c0000000, 0x00000000c2800000, 0x00000000eab00000)
  object space 40960K, 29% used [0x00000000c0000000,0x00000000c0bbaca0,0x00000000c2800000)
 Metaspace       used 6165K, capacity 7090K, committed 7296K, reserved 1056768K
  class space    used 604K, capacity 618K, committed 640K, reserved 1048576K
Event: 39.356 GC heap after
Heap after GC invocations=6 (full 0):
 PSYoungGen      total 67584K, used 6625K [0x00000000eab00000, 0x00000000ef500000, 0x0000000100000000)
  eden space 60928K, 0% used [0x00000000eab00000,0x00000000eab00000,0x00000000ee680000)
  from space 6656K, 99% used [0x00000000eed80000,0x00000000ef3f8648,0x00000000ef400000)
  to   space 7168K, 0% used [0x00000000ee680000,0x00000000ee680000,0x00000000eed80000)
 ParOldGen       total 40960K, used 12254K [0x00000000c0000000, 0x00000000c2800000, 0x00000000eab00000)
  object space 40960K, 29% used [0x00000000c0000000,0x00000000c0bf79f0,0x00000000c2800000)
 Metaspace       used 6165K, capacity 7090K, committed 7296K, reserved 1056768K
  class space    used 604K, capacity 618K, committed 640K, reserved 1048576K
}
Event: 50.079 GC heap before
{Heap before GC invocations=7 (full 0):
 PSYoungGen      total 67584K, used 67553K [0x00000000eab00000, 0x00000000ef500000, 0x0000000100000000)
  eden space 60928K, 100% used [0x00000000eab00000,0x00000000ee680000,0x00000000ee680000)
  from space 6656K, 99% used [0x00000000eed80000,0x00000000ef3f8648,0x00000000ef400000)
  to   space 7168K, 0% used [0x00000000ee680000,0x00000000ee680000,0x00000000eed80000)
 ParOldGen       total 40960K, used 12254K [0x00000000c0000000, 0x00000000c2800000, 0x00000000eab00000)
  object space 40960K, 29% used [0x00000000c0000000,0x00000000c0bf79f0,0x00000000c2800000)
 Metaspace       used 6224K, capacity 7154K, committed 7296K, reserved 1056768K
  class space    used 605K, capacity 618K, committed 640K, reserved 1048576K
Event: 50.928 GC heap after
Heap after GC invocations=7 (full 0):
 PSYoungGen      total 68096K, used 7157K [0x00000000eab00000, 0x00000000f3b00000, 0x0000000100000000)
  eden space 60928K, 0% used [0x00000000eab00000,0x00000000eab00000,0x00000000ee680000)
  from space 7168K, 99% used [0x00000000ee680000,0x00000000eed7d6a8,0x00000000eed80000)
  to   space 12800K, 0% used [0x00000000f2e80000,0x00000000f2e80000,0x00000000f3b00000)
 ParOldGen       total 40960K, used 21523K [0x00000000c0000000, 0x00000000c2800000, 0x00000000eab00000)
  object space 40960K, 52% used [0x00000000c0000000,0x00000000c1504ca0,0x00000000c2800000)
 Metaspace       used 6224K, capacity 7154K, committed 7296K, reserved 1056768K
  class space    used 605K, capacity 618K, committed 640K, reserved 1048576K
}
Event: 58.491 GC heap before
{Heap before GC invocations=8 (full 0):
 PSYoungGen      total 68096K, used 68085K [0x00000000eab00000, 0x00000000f3b00000, 0x0000000100000000)
  eden space 60928K, 100% used [0x00000000eab00000,0x00000000ee680000,0x00000000ee680000)
  from space 7168K, 99% used [0x00000000ee680000,0x00000000eed7d6a8,0x00000000eed80000)
  to   space 12800K, 0% used [0x00000000f2e80000,0x00000000f2e80000,0x00000000f3b00000)
 ParOldGen       total 40960K, used 21523K [0x00000000c0000000, 0x00000000c2800000, 0x00000000eab00000)
  object space 40960K, 52% used [0x00000000c0000000,0x00000000c1504ca0,0x00000000c2800000)
 Metaspace       used 6245K, capacity 7154K, committed 7296K, reserved 1056768K
  class space    used 605K, capacity 618K, committed 640K, reserved 1048576K
Event: 62.089 GC heap after
Heap after GC invocations=8 (full 0):
 PSYoungGen      total 131072K, used 12795K [0x00000000eab00000, 0x00000000f4200000, 0x0000000100000000)
  eden space 118272K, 0% used [0x00000000eab00000,0x00000000eab00000,0x00000000f1e80000)
  from space 12800K, 99% used [0x00000000f2e80000,0x00000000f3afed10,0x00000000f3b00000)
  to   space 16384K, 0% used [0x00000000f1e80000,0x00000000f1e80000,0x00000000f2e80000)
 ParOldGen       total 40960K, used 25800K [0x00000000c0000000, 0x00000000c2800000, 0x00000000eab00000)
  object space 40960K, 62% used [0x00000000c0000000,0x00000000c19322a0,0x00000000c2800000)
 Metaspace       used 6245K, capacity 7154K, committed 7296K, reserved 1056768K
  class space    used 605K, capacity 618K, committed 640K, reserved 1048576K
}

Deoptimization events (10 events):
Event: 39.605 Thread 0x00000000578f4000 Uncommon trap: reason=bimorphic action=maybe_recompile pc=0x00000000034b1edc method=com.android.dx.cf.code.BytecodeArray.parseInstruction(ILcom/android/dx/cf/code/BytecodeArray$Visitor;)I @ 2484
Event: 39.605 Thread 0x00000000578f4000 Uncommon trap: reason=bimorphic action=maybe_recompile pc=0x00000000034b1edc method=com.android.dx.cf.code.BytecodeArray.parseInstruction(ILcom/android/dx/cf/code/BytecodeArray$Visitor;)I @ 2484
Event: 45.426 Thread 0x00000000578f6800 Uncommon trap: reason=unreached action=reinterpret pc=0x000000000333eb74 method=com.android.dx.rop.code.LocalVariableExtractor.processBlock(I)V @ 195
Event: 48.141 Thread 0x0000000057904000 Uncommon trap: reason=bimorphic action=maybe_recompile pc=0x00000000033773c4 method=com.android.dx.ssa.LiteralOpUpgrader.tryReplacingWithConstant(Lcom/android/dx/ssa/NormalSsaInsn;)Z @ 62
Event: 50.038 Thread 0x00000000578f6800 Uncommon trap: reason=class_check action=maybe_recompile pc=0x000000000348e1fc method=com.android.dx.ssa.SCCP.replaceConstants()V @ 182
Event: 50.053 Thread 0x00000000578f6800 Uncommon trap: reason=class_check action=maybe_recompile pc=0x000000000348e1fc method=com.android.dx.ssa.SCCP.replaceConstants()V @ 182
Event: 52.504 Thread 0x00000000578fb800 Uncommon trap: reason=bimorphic action=maybe_recompile pc=0x00000000033773c4 method=com.android.dx.ssa.LiteralOpUpgrader.tryReplacingWithConstant(Lcom/android/dx/ssa/NormalSsaInsn;)Z @ 62
Event: 57.797 Thread 0x0000000057904000 Uncommon trap: reason=bimorphic action=maybe_recompile pc=0x00000000035cbcc8 method=com.android.dx.rop.code.RegisterSpec.getFrameType()Lcom/android/dx/rop/type/TypeBearer; @ 4
Event: 58.180 Thread 0x0000000057904000 Uncommon trap: reason=unreached action=reinterpret pc=0x00000000035ee144 method=com.android.dx.cf.code.Ropper.addReturnBlock()V @ 9
Event: 66.151 Thread 0x00000000024bf800 Uncommon trap: reason=unreached action=reinterpret pc=0x00000000035959fc method=com.android.dx.cf.direct.StdAttributeFactory.parse0(Lcom/android/dx/cf/direct/DirectClassFile;ILjava/lang/String;IILcom/android/dx/cf/iface/ParseObserver;)Lcom/android/dx/cf/ifë›—\vÍC@

Internal exceptions (10 events):
Event: 11.659 Thread 0x00000000578f6800 Implicit null exception at 0x000000000307d012 to 0x000000000307d105
Event: 12.155 Thread 0x00000000578f6800 Exception <a 'java/security/PrivilegedActionException'> (0x00000000eb6cc0f0) thrown at [D:\re\workspace\8-2-build-windows-amd64-cygwin\jdk8u20\1074\hotspot\src\share\vm\prims\jvm.cpp, line 1275]
Event: 19.745 Thread 0x00000000578f4000 Exception <a 'java/security/PrivilegedActionException'> (0x00000000eb8f2098) thrown at [D:\re\workspace\8-2-build-windows-amd64-cygwin\jdk8u20\1074\hotspot\src\share\vm\prims\jvm.cpp, line 1275]
Event: 19.786 Thread 0x00000000578f4000 Exception <a 'java/lang/ArrayIndexOutOfBoundsException': 18> (0x00000000eb9756c8) thrown at [D:\re\workspace\8-2-build-windows-amd64-cygwin\jdk8u20\1074\hotspot\src\share\vm\interpreter\interpreterRuntime.cpp, line 366]
Event: 19.788 Thread 0x00000000578f4000 Exception <a 'java/lang/ArrayIndexOutOfBoundsException'> (0x00000000eb977160) thrown at [D:\re\workspace\8-2-build-windows-amd64-cygwin\jdk8u20\1074\hotspot\src\share\vm\runtime\sharedRuntime.cpp, line 604]
Event: 19.790 Thread 0x00000000578f4000 Exception <a 'java/lang/ArrayIndexOutOfBoundsException'> (0x00000000eb978378) thrown at [D:\re\workspace\8-2-build-windows-amd64-cygwin\jdk8u20\1074\hotspot\src\share\vm\runtime\sharedRuntime.cpp, line 604]
Event: 21.326 Thread 0x00000000578f4000 Exception <a 'java/security/PrivilegedActionException'> (0x00000000eab6d118) thrown at [D:\re\workspace\8-2-build-windows-amd64-cygwin\jdk8u20\1074\hotspot\src\share\vm\prims\jvm.cpp, line 1275]
Event: 22.148 Thread 0x00000000024bf800 Exception <a 'java/security/PrivilegedActionException'> (0x00000000eac6fe68) thrown at [D:\re\workspace\8-2-build-windows-amd64-cygwin\jdk8u20\1074\hotspot\src\share\vm\prims\jvm.cpp, line 1275]
Event: 40.792 Thread 0x00000000024bf800 Exception <a 'java/security/PrivilegedActionException'> (0x00000000eae05b48) thrown at [D:\re\workspace\8-2-build-windows-amd64-cygwin\jdk8u20\1074\hotspot\src\share\vm\prims\jvm.cpp, line 1275]
Event: 47.053 Thread 0x00000000024bf800 Exception <a 'java/security/PrivilegedActionException'> (0x00000000ed2c28e8) thrown at [D:\re\workspace\8-2-build-windows-amd64-cygwin\jdk8u20\1074\hotspot\src\share\vm\prims\jvm.cpp, line 1275]

Events (10 events):
Event: 57.797 Thread 0x0000000057904000 DEOPT PACKING pc=0x00000000035cbcc8 sp=0x00000000587be6a0
Event: 57.797 Thread 0x0000000057904000 DEOPT UNPACKING pc=0x0000000002d1556a sp=0x00000000587be5e0 mode 2
Event: 58.180 Thread 0x0000000057904000 Uncommon trap: trap_request=0xffffffad fr.pc=0x00000000035ee144
Event: 58.180 Thread 0x0000000057904000 DEOPT PACKING pc=0x00000000035ee144 sp=0x00000000587bea70
Event: 58.180 Thread 0x0000000057904000 DEOPT UNPACKING pc=0x0000000002d1556a sp=0x00000000587be9e0 mode 2
Event: 58.491 Executing VM operation: ParallelGCFailedAllocation
Event: 62.089 Executing VM operation: ParallelGCFailedAllocation done
Event: 66.151 Thread 0x00000000024bf800 Uncommon trap: trap_request=0xffffffad fr.pc=0x00000000035959fc
Event: 66.151 Thread 0x00000000024bf800 DEOPT PACKING pc=0x00000000035959fc sp=0x00000000029fedb0
Event: 66.151 Thread 0x00000000024bf800 DEOPT UNPACKING pc=0x0000000002d1556a sp=0x00000000029fed68 mode 2


Dynamic libraries:
0x000000013ff30000 - 0x000000013ff64000 	C:\Program Files (x86)\Java\jdk1.8.0_20\bin\java.exe
0x00000000774e0000 - 0x0000000077689000 	C:\Windows\SYSTEM32\ntdll.dll
0x00000000772c0000 - 0x00000000773e0000 	C:\Windows\system32\kernel32.dll
0x000007fefd450000 - 0x000007fefd4bc000 	C:\Windows\system32\KERNELBASE.dll
0x0000000074f90000 - 0x0000000075017000 	C:\Windows\System32\SYSFER.DLL
0x000007fefde70000 - 0x000007fefdf4b000 	C:\Windows\system32\ADVAPI32.dll
0x000007fefd650000 - 0x000007fefd6ef000 	C:\Windows\system32\msvcrt.dll
0x000007fefe940000 - 0x000007fefe95f000 	C:\Windows\SYSTEM32\sechost.dll
0x000007fefe560000 - 0x000007fefe68d000 	C:\Windows\system32\RPCRT4.dll
0x00000000773e0000 - 0x00000000774da000 	C:\Windows\system32\USER32.dll
0x000007fefd8c0000 - 0x000007fefd927000 	C:\Windows\system32\GDI32.dll
0x000007fefe690000 - 0x000007fefe69e000 	C:\Windows\system32\LPK.dll
0x000007feff720000 - 0x000007feff7e9000 	C:\Windows\system32\USP10.dll
0x000007fefbcd0000 - 0x000007fefbec4000 	C:\Windows\WinSxS\amd64_microsoft.windows.common-controls_6595b64144ccf1df_6.0.7601.18837_none_fa3b1e3d17594757\COMCTL32.dll
0x000007fefdf50000 - 0x000007fefdfc1000 	C:\Windows\system32\SHLWAPI.dll
0x000007feff6f0000 - 0x000007feff71e000 	C:\Windows\system32\IMM32.DLL
0x000007fefe6a0000 - 0x000007fefe7a9000 	C:\Windows\system32\MSCTF.dll
0x000000005a840000 - 0x000000005a912000 	C:\Program Files (x86)\Java\jdk1.8.0_20\jre\bin\msvcr100.dll
0x0000000055ae0000 - 0x0000000056338000 	C:\Program Files (x86)\Java\jdk1.8.0_20\jre\bin\server\jvm.dll
0x000007fef1b70000 - 0x000007fef1b79000 	C:\Windows\system32\WSOCK32.dll
0x000007fefd770000 - 0x000007fefd7bd000 	C:\Windows\system32\WS2_32.dll
0x000007fefd640000 - 0x000007fefd648000 	C:\Windows\system32\NSI.dll
0x000007fefadd0000 - 0x000007fefae0b000 	C:\Windows\system32\WINMM.dll
0x00000000776a0000 - 0x00000000776a7000 	C:\Windows\system32\PSAPI.DLL
0x0000000070530000 - 0x000000007053f000 	C:\Program Files (x86)\Java\jdk1.8.0_20\jre\bin\verify.dll
0x0000000070050000 - 0x0000000070078000 	C:\Program Files (x86)\Java\jdk1.8.0_20\jre\bin\java.dll
0x0000000070030000 - 0x0000000070046000 	C:\Program Files (x86)\Java\jdk1.8.0_20\jre\bin\zip.dll
0x000007fefe960000 - 0x000007feff6e9000 	C:\Windows\system32\SHELL32.dll
0x000007fefe0b0000 - 0x000007fefe2b3000 	C:\Windows\system32\ole32.dll
0x000007fefd290000 - 0x000007fefd29f000 	C:\Windows\system32\profapi.dll

VM Arguments:
jvm_args: -Xmx1024M -Dfile.encoding=windows-1252 -Duser.country=FR -Duser.language=fr -Duser.variant 
java_command: com.android.dx.command.Main --dex --num-threads=4 --output D:\Users\tamiand\Desktop\projetWhatIEat\projetWhatIEat\WhatIEat\app\build\intermediates\pre-dexed\debug\classes-4eec2d58466be7bcec6d39168865ac357c83d5c1.jar D:\Users\tamiand\Desktop\projetWhatIEat\projetWhatIEat\WhatIEat\app\build\intermediates\exploded-aar\com.android.support\appcompat-v7\23.0.1\jars\classes.jar
java_class_path (initial): D:\androidStudio\sdk\build-tools\23.0.1\lib\dx.jar
Launcher Type: SUN_STANDARD

Environment Variables:
JAVA_HOME=C:\Program Files (x86)\Java\jdk1.7.0_67\jre
PATH=C:\Program Files (x86)\Yaws-1.90\bin;C:\ProgramData\Oracle\Java\javapath;C:\Windows\system32;C:\Windows;C:\Windows\System32\Wbem;C:\Windows\System32\WindowsPowerShell\v1.0\;C:\Program Files (x86)\Lenovo\Access Connections\;C:\Program Files (x86)\MySQL\MySQL Utilities 1.4.3\;C:\Program Files (x86)\MySQL\MySQL Utilities 1.4.3\Doctrine extensions for PHP\;D:\apps\apache-maven\apache-maven-3.2.3\bin;C:\Program Files\Java\jdk1.8.0_20;D:\apps\mongodb-2.6.4\bin;C:\MinGW\bin;C:\Python27;C:\Program Files (x86)\Git\bin;C:\Program Files (x86)\swipl\bin;C:\Program Files\TortoiseSVN\bin;C:\Program Files (x86)\Subversion\bin;D:\Users\tamiand\Downloads\scala\sbt\bin;C:\Program Files (x86)\erl6.4\bin;C:\Program Files (x86)\nodejs\;C:\Program Files\PostgreSQL\9.4\bin;C:\Python27\Scripts;D:\apps\apache-maven\apache-maven-3.2.3\bin;C:\Program Files\Java\jdk1.8.0_20\bin;C:\Python27;C:\Program Files (x86)\Git\bin;C:\Program Files (x86)\swipl\bin;C:\Users\tamiand\AppData\Roaming\npm;C:\Program Files\PostgreSQL\9.4\bin
USERNAME=tamiand
OS=Windows_NT
PROCESSOR_IDENTIFIER=Intel64 Family 6 Model 60 Stepping 3, GenuineIntel



---------------  S Y S T E M  ---------------

OS: Windows 7 , 64 bit Build 7601 Service Pack 1

CPU:total 4 (2 cores per cpu, 2 threads per core) family 6 model 60 stepping 3, cmov, cx8, fxsr, mmx, sse, sse2, sse3, ssse3, sse4.1, sse4.2, popcnt, avx, avx2, aes, clmul, erms, rtm, lzcnt, ht, tsc, tscinvbit, bmi1, bmi2

Memory: 4k page, physical 3874556k(768836k free), swap 5420268k(5072k free)

vm_info: Java HotSpot(TM) 64-Bit Server VM (25.20-b23) for windows-amd64 JRE (1.8.0_20-b26), built on Jul 30 2014 13:51:23 by "java_re" with MS VC++ 10.0 (VS2010)

time: Fri Mar 04 09:32:38 2016
elapsed time: 71 seconds (0d 0h 1m 11s)

