#
# There is insufficient memory for the Java Runtime Environment to continue.
# Native memory allocation (malloc) failed to allocate 603056 bytes for Chunk::new
# Possible reasons:
#   The system is out of physical RAM or swap space
#   In 32 bit mode, the process size limit was hit
# Possible solutions:
#   Reduce memory load on the system
#   Increase physical memory or swap space
#   Check if swap backing store is full
#   Use 64 bit Java on a 64 bit OS
#   Decrease Java heap size (-Xmx/-Xms)
#   Decrease number of Java threads
#   Decrease Java thread stack sizes (-Xss)
#   Set larger code cache with -XX:ReservedCodeCacheSize=
# This output file may be truncated or incomplete.
#
#  Out of Memory Error (allocation.cpp:390), pid=5756, tid=4168
#
# JRE version: Java(TM) SE Runtime Environment (8.0_20-b26) (build 1.8.0_20-b26)
# Java VM: Java HotSpot(TM) 64-Bit Server VM (25.20-b23 mixed mode windows-amd64 compressed oops)
# Failed to write core dump. Minidumps are not enabled by default on client versions of Windows
#

---------------  T H R E A D  ---------------

Current thread (0x00000000570a6800):  JavaThread "C2 CompilerThread1" daemon [_thread_in_native, id=4168, stack(0x0000000057ab0000,0x0000000057bb0000)]

Stack: [0x0000000057ab0000,0x0000000057bb0000]
Native frames: (J=compiled Java code, j=interpreted, Vv=VM code, C=native code)
V  [jvm.dll+0x3152fa]


Current CompileTask:
C2:   5101  617       4       com.android.dx.ssa.NormalSsaInsn::accept (25 bytes)


---------------  P R O C E S S  ---------------

Java Threads: ( => current thread )
  0x0000000057224000 JavaThread "pool-1-thread-4" [_thread_blocked, id=7104, stack(0x00000000583a0000,0x00000000584a0000)]
  0x000000005721d800 JavaThread "pool-1-thread-3" [_thread_blocked, id=6700, stack(0x0000000057e00000,0x0000000057f00000)]
  0x0000000057219000 JavaThread "pool-1-thread-2" [_thread_blocked, id=5248, stack(0x0000000058220000,0x0000000058320000)]
  0x00000000571fc000 JavaThread "pool-2-thread-1" [_thread_blocked, id=6812, stack(0x0000000058050000,0x0000000058150000)]
  0x00000000571fa000 JavaThread "pool-1-thread-1" [_thread_in_Java, id=6888, stack(0x0000000057f00000,0x0000000058000000)]
  0x0000000057103800 JavaThread "Service Thread" daemon [_thread_blocked, id=3952, stack(0x0000000057bd0000,0x0000000057cd0000)]
  0x00000000570a9000 JavaThread "C1 CompilerThread2" daemon [_thread_blocked, id=3028, stack(0x0000000057930000,0x0000000057a30000)]
=>0x00000000570a6800 JavaThread "C2 CompilerThread1" daemon [_thread_in_native, id=4168, stack(0x0000000057ab0000,0x0000000057bb0000)]
  0x00000000570a2800 JavaThread "C2 CompilerThread0" daemon [_thread_blocked, id=6240, stack(0x0000000057650000,0x0000000057750000)]
  0x0000000055524000 JavaThread "Attach Listener" daemon [_thread_blocked, id=5584, stack(0x00000000577d0000,0x00000000578d0000)]
  0x0000000055522800 JavaThread "Signal Dispatcher" daemon [_thread_blocked, id=6680, stack(0x0000000057500000,0x0000000057600000)]
  0x00000000554be800 JavaThread "Finalizer" daemon [_thread_blocked, id=6440, stack(0x0000000056e50000,0x0000000056f50000)]
  0x00000000554bb800 JavaThread "Reference Handler" daemon [_thread_blocked, id=3788, stack(0x0000000056fa0000,0x00000000570a0000)]
  0x00000000024cf800 JavaThread "main" [_thread_blocked, id=6540, stack(0x0000000002620000,0x0000000002720000)]

Other Threads:
  0x00000000554b6000 VMThread [stack: 0x0000000056d10000,0x0000000056e10000] [id=5988]
  0x0000000057126000 WatcherThread [stack: 0x0000000057ce0000,0x0000000057de0000] [id=3528]

VM state:not at safepoint (normal execution)

VM Mutex/Monitor currently owned by a thread: None

Heap:
 PSYoungGen      total 17920K, used 13522K [0x00000000eab00000, 0x00000000ebf00000, 0x0000000100000000)
  eden space 15360K, 88% used [0x00000000eab00000,0x00000000eb834a98,0x00000000eba00000)
  from space 2560K, 0% used [0x00000000ebc80000,0x00000000ebc80000,0x00000000ebf00000)
  to   space 2560K, 0% used [0x00000000eba00000,0x00000000eba00000,0x00000000ebc80000)
 ParOldGen       total 40960K, used 0K [0x00000000c0000000, 0x00000000c2800000, 0x00000000eab00000)
  object space 40960K, 0% used [0x00000000c0000000,0x00000000c0000000,0x00000000c2800000)
 Metaspace       used 5436K, capacity 6576K, committed 6784K, reserved 1056768K
  class space    used 577K, capacity 616K, committed 640K, reserved 1048576K

Card table byte_map: [0x0000000011e70000,0x0000000012080000] byte_map_base: 0x0000000011870000

Marking Bits: (ParMarkBitMap*) 0x00000000562bb460
 Begin Bits: [0x0000000012930000, 0x0000000013930000)
 End Bits:   [0x0000000013930000, 0x0000000014930000)

Polling page: 0x0000000000250000

CodeCache: size=245760Kb used=2207Kb max_used=2207Kb free=243552Kb
 bounds [0x0000000002ab0000, 0x0000000002d20000, 0x0000000011ab0000]
 total_blobs=865 nmethods=601 adapters=178
 compilation: enabled

Compilation events (10 events):
Event: 4.520 Thread 0x00000000570a9000  627       1       com.android.dx.rop.code.RopMethod::getFirstLabel (5 bytes)
Event: 4.520 Thread 0x00000000570a9000 nmethod 627 0x0000000002cd8590 code [0x0000000002cd86e0, 0x0000000002cd87f0]
Event: 4.520 Thread 0x00000000570a9000  593       1       com.android.dx.rop.code.BasicBlockList$RegCountVisitor::getRegCount (5 bytes)
Event: 4.520 Thread 0x00000000570a9000 nmethod 593 0x0000000002cd8850 code [0x0000000002cd89a0, 0x0000000002cd8ab0]
Event: 4.520 Thread 0x00000000570a9000  601       1       com.android.dx.ssa.BasicRegisterMapper::getNewRegisterCount (5 bytes)
Event: 4.521 Thread 0x00000000570a9000 nmethod 601 0x0000000002cd8b10 code [0x0000000002cd8c60, 0x0000000002cd8d70]
Event: 4.521 Thread 0x00000000570a9000  587       1       com.android.dx.dex.code.LocalSnapshot::getLocals (5 bytes)
Event: 4.521 Thread 0x00000000570a9000 nmethod 587 0x0000000002cd8dd0 code [0x0000000002cd8f20, 0x0000000002cd9030]
Event: 4.521 Thread 0x00000000570a9000  606       1       com.android.dx.dex.code.RopTranslator::access$200 (5 bytes)
Event: 4.521 Thread 0x00000000570a9000 nmethod 606 0x0000000002cd9090 code [0x0000000002cd91e0, 0x0000000002cd92d0]

GC Heap History (0 events):
No events

Deoptimization events (0 events):
No events

Internal exceptions (10 events):
Event: 3.516 Thread 0x0000000057219000 Exception <a 'java/security/PrivilegedActionException'> (0x00000000eb155a40) thrown at [D:\re\workspace\8-2-build-windows-amd64-cygwin\jdk8u20\1074\hotspot\src\share\vm\prims\jvm.cpp, line 1275]
Event: 3.525 Thread 0x0000000057219000 Exception <a 'java/security/PrivilegedActionException'> (0x00000000eb3bf968) thrown at [D:\re\workspace\8-2-build-windows-amd64-cygwin\jdk8u20\1074\hotspot\src\share\vm\prims\jvm.cpp, line 1275]
Event: 3.552 Thread 0x00000000024cf800 Exception <a 'java/security/PrivilegedActionException'> (0x00000000eb41eda8) thrown at [D:\re\workspace\8-2-build-windows-amd64-cygwin\jdk8u20\1074\hotspot\src\share\vm\prims\jvm.cpp, line 1275]
Event: 3.556 Thread 0x00000000024cf800 Exception <a 'java/security/PrivilegedActionException'> (0x00000000eb429090) thrown at [D:\re\workspace\8-2-build-windows-amd64-cygwin\jdk8u20\1074\hotspot\src\share\vm\prims\jvm.cpp, line 1275]
Event: 3.557 Thread 0x00000000024cf800 Exception <a 'java/security/PrivilegedActionException'> (0x00000000eb42b440) thrown at [D:\re\workspace\8-2-build-windows-amd64-cygwin\jdk8u20\1074\hotspot\src\share\vm\prims\jvm.cpp, line 1275]
Event: 3.559 Thread 0x00000000024cf800 Exception <a 'java/security/PrivilegedActionException'> (0x00000000eb4305f0) thrown at [D:\re\workspace\8-2-build-windows-amd64-cygwin\jdk8u20\1074\hotspot\src\share\vm\prims\jvm.cpp, line 1275]
Event: 3.587 Thread 0x0000000057219000 Exception <a 'java/security/PrivilegedActionException'> (0x00000000eb3fb300) thrown at [D:\re\workspace\8-2-build-windows-amd64-cygwin\jdk8u20\1074\hotspot\src\share\vm\prims\jvm.cpp, line 1275]
Event: 3.593 Thread 0x00000000024cf800 Exception <a 'java/security/PrivilegedActionException'> (0x00000000eb476e48) thrown at [D:\re\workspace\8-2-build-windows-amd64-cygwin\jdk8u20\1074\hotspot\src\share\vm\prims\jvm.cpp, line 1275]
Event: 3.597 Thread 0x0000000057219000 Exception <a 'java/security/PrivilegedActionException'> (0x00000000eb49db90) thrown at [D:\re\workspace\8-2-build-windows-amd64-cygwin\jdk8u20\1074\hotspot\src\share\vm\prims\jvm.cpp, line 1275]
Event: 3.619 Thread 0x00000000024cf800 Exception <a 'java/security/PrivilegedActionException'> (0x00000000eb4981e0) thrown at [D:\re\workspace\8-2-build-windows-amd64-cygwin\jdk8u20\1074\hotspot\src\share\vm\prims\jvm.cpp, line 1275]

Events (10 events):
Event: 3.597 loading class com/android/dx/ssa/back/FirstFitLocalCombiningAllocator$Multiset
Event: 3.597 loading class com/android/dx/ssa/back/FirstFitLocalCombiningAllocator$Multiset done
Event: 3.619 loading class com/android/dx/cf/code/Ropper$ExceptionHandlerSetup
Event: 3.619 loading class com/android/dx/cf/code/Ropper$ExceptionHandlerSetup done
Event: 3.622 loading class java/util/HashMap$Values
Event: 3.622 loading class java/util/HashMap$Values done
Event: 3.622 loading class java/util/HashMap$ValueIterator
Event: 3.623 loading class java/util/HashMap$ValueIterator done
Event: 4.889 Executing VM operation: EnableBiasedLocking
Event: 4.889 Executing VM operation: EnableBiasedLocking done


Dynamic libraries:
0x000000013ff30000 - 0x000000013ff64000 	C:\Program Files (x86)\Java\jdk1.8.0_20\bin\java.exe
0x00000000774e0000 - 0x0000000077689000 	C:\Windows\SYSTEM32\ntdll.dll
0x00000000772c0000 - 0x00000000773e0000 	C:\Windows\system32\kernel32.dll
0x000007fefd450000 - 0x000007fefd4bc000 	C:\Windows\system32\KERNELBASE.dll
0x0000000074f90000 - 0x0000000075017000 	C:\Windows\System32\SYSFER.DLL
0x000007fefde70000 - 0x000007fefdf4b000 	C:\Windows\system32\ADVAPI32.dll
0x000007fefd650000 - 0x000007fefd6ef000 	C:\Windows\system32\msvcrt.dll
0x000007fefe940000 - 0x000007fefe95f000 	C:\Windows\SYSTEM32\sechost.dll
0x000007fefe560000 - 0x000007fefe68d000 	C:\Windows\system32\RPCRT4.dll
0x00000000773e0000 - 0x00000000774da000 	C:\Windows\system32\USER32.dll
0x000007fefd8c0000 - 0x000007fefd927000 	C:\Windows\system32\GDI32.dll
0x000007fefe690000 - 0x000007fefe69e000 	C:\Windows\system32\LPK.dll
0x000007feff720000 - 0x000007feff7e9000 	C:\Windows\system32\USP10.dll
0x000007fefbcd0000 - 0x000007fefbec4000 	C:\Windows\WinSxS\amd64_microsoft.windows.common-controls_6595b64144ccf1df_6.0.7601.18837_none_fa3b1e3d17594757\COMCTL32.dll
0x000007fefdf50000 - 0x000007fefdfc1000 	C:\Windows\system32\SHLWAPI.dll
0x000007feff6f0000 - 0x000007feff71e000 	C:\Windows\system32\IMM32.DLL
0x000007fefe6a0000 - 0x000007fefe7a9000 	C:\Windows\system32\MSCTF.dll
0x000000005a840000 - 0x000000005a912000 	C:\Program Files (x86)\Java\jdk1.8.0_20\jre\bin\msvcr100.dll
0x0000000055ae0000 - 0x0000000056338000 	C:\Program Files (x86)\Java\jdk1.8.0_20\jre\bin\server\jvm.dll
0x000007fef1b70000 - 0x000007fef1b79000 	C:\Windows\system32\WSOCK32.dll
0x000007fefd770000 - 0x000007fefd7bd000 	C:\Windows\system32\WS2_32.dll
0x000007fefd640000 - 0x000007fefd648000 	C:\Windows\system32\NSI.dll
0x000007fefadd0000 - 0x000007fefae0b000 	C:\Windows\system32\WINMM.dll
0x00000000776a0000 - 0x00000000776a7000 	C:\Windows\system32\PSAPI.DLL
0x0000000070530000 - 0x000000007053f000 	C:\Program Files (x86)\Java\jdk1.8.0_20\jre\bin\verify.dll
0x0000000070050000 - 0x0000000070078000 	C:\Program Files (x86)\Java\jdk1.8.0_20\jre\bin\java.dll
0x0000000070030000 - 0x0000000070046000 	C:\Program Files (x86)\Java\jdk1.8.0_20\jre\bin\zip.dll
0x000007fefe960000 - 0x000007feff6e9000 	C:\Windows\system32\SHELL32.dll
0x000007fefe0b0000 - 0x000007fefe2b3000 	C:\Windows\system32\ole32.dll
0x000007fefd290000 - 0x000007fefd29f000 	C:\Windows\system32\profapi.dll

VM Arguments:
jvm_args: -Xmx1024M -Dfile.encoding=windows-1252 -Duser.country=FR -Duser.language=fr -Duser.variant 
java_command: com.android.dx.command.Main --dex --num-threads=4 --output D:\Users\tamiand\Desktop\projetWhatIEat\projetWhatIEat\WhatIEat\app\build\intermediates\pre-dexed\debug\retrofit-2.0.0-beta2-4cda6fd877de58e9a0c5fdf14971b8e556aa2e54.jar D:\Users\tamiand\.gradle\caches\modules-2\files-2.1\com.squareup.retrofit\retrofit\2.0.0-beta2\880d9e0997b2d1bfc98e0d121ced33ee5d04aac4\retrofit-2.0.0-beta2.jar
java_class_path (initial): D:\androidStudio\sdk\build-tools\23.0.1\lib\dx.jar
Launcher Type: SUN_STANDARD

Environment Variables:
JAVA_HOME=C:\Program Files (x86)\Java\jdk1.7.0_67\jre
PATH=C:\Program Files (x86)\Yaws-1.90\bin;C:\ProgramData\Oracle\Java\javapath;C:\Windows\system32;C:\Windows;C:\Windows\System32\Wbem;C:\Windows\System32\WindowsPowerShell\v1.0\;C:\Program Files (x86)\Lenovo\Access Connections\;C:\Program Files (x86)\MySQL\MySQL Utilities 1.4.3\;C:\Program Files (x86)\MySQL\MySQL Utilities 1.4.3\Doctrine extensions for PHP\;D:\apps\apache-maven\apache-maven-3.2.3\bin;C:\Program Files\Java\jdk1.8.0_20;D:\apps\mongodb-2.6.4\bin;C:\MinGW\bin;C:\Python27;C:\Program Files (x86)\Git\bin;C:\Program Files (x86)\swipl\bin;C:\Program Files\TortoiseSVN\bin;C:\Program Files (x86)\Subversion\bin;D:\Users\tamiand\Downloads\scala\sbt\bin;C:\Program Files (x86)\erl6.4\bin;C:\Program Files (x86)\nodejs\;C:\Program Files\PostgreSQL\9.4\bin;C:\Python27\Scripts;D:\apps\apache-maven\apache-maven-3.2.3\bin;C:\Program Files\Java\jdk1.8.0_20\bin;C:\Python27;C:\Program Files (x86)\Git\bin;C:\Program Files (x86)\swipl\bin;C:\Users\tamiand\AppData\Roaming\npm;C:\Program Files\PostgreSQL\9.4\bin
USERNAME=tamiand
OS=Windows_NT
PROCESSOR_IDENTIFIER=Intel64 Family 6 Model 60 Stepping 3, GenuineIntel



---------------  S Y S T E M  ---------------

OS: Windows 7 , 64 bit Build 7601 Service Pack 1

CPU:total 4 (2 cores per cpu, 2 threads per core) family 6 model 60 stepping 3, cmov, cx8, fxsr, mmx, sse, sse2, sse3, ssse3, sse4.1, sse4.2, popcnt, avx, avx2, aes, clmul, erms, rtm, lzcnt, ht, tsc, tscinvbit, bmi1, bmi2

Memory: 4k page, physical 3874556k(670064k free), swap 5420268k(5136k free)

vm_info: Java HotSpot(TM) 64-Bit Server VM (25.20-b23) for windows-amd64 JRE (1.8.0_20-b26), built on Jul 30 2014 13:51:23 by "java_re" with MS VC++ 10.0 (VS2010)

time: Fri Mar 04 09:45:31 2016
elapsed time: 5 seconds (0d 0h 0m 5s)

