#
# There is insufficient memory for the Java Runtime Environment to continue.
# Native memory allocation (malloc) failed to allocate 32744 bytes for ChunkPool::allocate
# Possible reasons:
#   The system is out of physical RAM or swap space
#   In 32 bit mode, the process size limit was hit
# Possible solutions:
#   Reduce memory load on the system
#   Increase physical memory or swap space
#   Check if swap backing store is full
#   Use 64 bit Java on a 64 bit OS
#   Decrease Java heap size (-Xmx/-Xms)
#   Decrease number of Java threads
#   Decrease Java thread stack sizes (-Xss)
#   Set larger code cache with -XX:ReservedCodeCacheSize=
# This output file may be truncated or incomplete.
#
#  Out of Memory Error (allocation.cpp:273), pid=3092, tid=7128
#
# JRE version: Java(TM) SE Runtime Environment (8.0_20-b26) (build 1.8.0_20-b26)
# Java VM: Java HotSpot(TM) 64-Bit Server VM (25.20-b23 mixed mode windows-amd64 compressed oops)
# Failed to write core dump. Minidumps are not enabled by default on client versions of Windows
#

---------------  T H R E A D  ---------------

Current thread (0x00000000555e5800):  JavaThread "C2 CompilerThread0" daemon [_thread_in_native, id=7128, stack(0x0000000057720000,0x0000000057820000)]

Stack: [0x0000000057720000,0x0000000057820000]
Native frames: (J=compiled Java code, j=interpreted, Vv=VM code, C=native code)
V  [jvm.dll+0x3152fa]


Current CompileTask:
C2:   4379  595       4       com.android.dx.ssa.SsaBasicBlock::forEachInsn (37 bytes)


---------------  P R O C E S S  ---------------

Java Threads: ( => current thread )
  0x0000000057a9d000 JavaThread "pool-1-thread-4" [_thread_blocked, id=3432, stack(0x00000000586f0000,0x00000000587f0000)]
  0x0000000057aa0000 JavaThread "pool-1-thread-3" [_thread_in_Java, id=5144, stack(0x0000000058540000,0x0000000058640000)]
  0x0000000057a98000 JavaThread "pool-1-thread-2" [_thread_blocked, id=3216, stack(0x0000000058400000,0x0000000058500000)]
  0x0000000057a97800 JavaThread "pool-2-thread-1" [_thread_blocked, id=5312, stack(0x0000000058240000,0x0000000058340000)]
  0x0000000057a96800 JavaThread "pool-1-thread-1" [_thread_in_Java, id=6848, stack(0x0000000057fd0000,0x00000000580d0000)]
  0x00000000555ee800 JavaThread "Service Thread" daemon [_thread_blocked, id=5540, stack(0x0000000057e20000,0x0000000057f20000)]
  0x00000000555ec000 JavaThread "C1 CompilerThread2" daemon [_thread_in_native, id=2932, stack(0x0000000056f90000,0x0000000057090000)]
  0x00000000555e9800 JavaThread "C2 CompilerThread1" daemon [_thread_in_native, id=5952, stack(0x0000000057820000,0x0000000057920000)]
=>0x00000000555e5800 JavaThread "C2 CompilerThread0" daemon [_thread_in_native, id=7128, stack(0x0000000057720000,0x0000000057820000)]
  0x00000000555e4000 JavaThread "Attach Listener" daemon [_thread_blocked, id=6332, stack(0x00000000575d0000,0x00000000576d0000)]
  0x00000000555e0800 JavaThread "Signal Dispatcher" daemon [_thread_blocked, id=3580, stack(0x00000000573d0000,0x00000000574d0000)]
  0x000000005557f000 JavaThread "Finalizer" daemon [_thread_blocked, id=2800, stack(0x0000000057230000,0x0000000057330000)]
  0x000000005557b800 JavaThread "Reference Handler" daemon [_thread_blocked, id=6612, stack(0x00000000570a0000,0x00000000571a0000)]
  0x000000000244f800 JavaThread "main" [_thread_in_vm, id=5492, stack(0x0000000002720000,0x0000000002820000)]

Other Threads:
  0x0000000055576000 VMThread [stack: 0x0000000056e70000,0x0000000056f70000] [id=2896]
  0x0000000057926800 WatcherThread [stack: 0x0000000056d40000,0x0000000056e40000] [id=7140]

VM state:not at safepoint (normal execution)

VM Mutex/Monitor currently owned by a thread: None

Heap:
 PSYoungGen      total 17920K, used 12435K [0x00000000eab00000, 0x00000000ebf00000, 0x0000000100000000)
  eden space 15360K, 80% used [0x00000000eab00000,0x00000000eb724df0,0x00000000eba00000)
  from space 2560K, 0% used [0x00000000ebc80000,0x00000000ebc80000,0x00000000ebf00000)
  to   space 2560K, 0% used [0x00000000eba00000,0x00000000eba00000,0x00000000ebc80000)
 ParOldGen       total 40960K, used 0K [0x00000000c0000000, 0x00000000c2800000, 0x00000000eab00000)
  object space 40960K, 0% used [0x00000000c0000000,0x00000000c0000000,0x00000000c2800000)
 Metaspace       used 5440K, capacity 6640K, committed 6784K, reserved 1056768K
  class space    used 578K, capacity 616K, committed 640K, reserved 1048576K

Card table byte_map: [0x0000000011eb0000,0x00000000120c0000] byte_map_base: 0x00000000118b0000

Marking Bits: (ParMarkBitMap*) 0x00000000562bb460
 Begin Bits: [0x00000000129f0000, 0x00000000139f0000)
 End Bits:   [0x00000000139f0000, 0x00000000149f0000)

Polling page: 0x0000000000460000

CodeCache: size=245760Kb used=2248Kb max_used=2249Kb free=243511Kb
 bounds [0x0000000002af0000, 0x0000000002d60000, 0x0000000011af0000]
 total_blobs=821 nmethods=557 adapters=178
 compilation: enabled

Compilation events (10 events):
Event: 4.284 Thread 0x00000000555e5800 nmethod 589 0x0000000002d21ad0 code [0x0000000002d21c20, 0x0000000002d21ff8]
Event: 4.288 Thread 0x00000000555e5800  592       4       com.android.dx.ssa.NormalSsaInsn::isNormalMoveInsn (20 bytes)
Event: 4.290 Thread 0x00000000555e5800 nmethod 592 0x0000000002d21850 code [0x0000000002d21980, 0x0000000002d219f8]
Event: 4.292 Thread 0x00000000555e5800  593       4       com.android.dx.rop.code.LocalItem::equals (29 bytes)
Event: 4.301 Thread 0x00000000555e5800 nmethod 593 0x0000000002d20650 code [0x0000000002d207a0, 0x0000000002d20b38]
Event: 4.306 Thread 0x00000000555e5800  594       4       com.android.dx.ssa.NormalSsaInsn::getSources (8 bytes)
Event: 4.307 Thread 0x00000000555e5800 nmethod 594 0x0000000002d21610 code [0x0000000002d21740, 0x0000000002d217b8]
Event: 4.316 Thread 0x00000000555e5800  595       4       com.android.dx.ssa.SsaBasicBlock::forEachInsn (37 bytes)
Event: 4.366 Thread 0x00000000555ec000 nmethod 525 0x0000000002d1fe50 code [0x0000000002d1ffe0, 0x0000000002d204a8]
Event: 4.366 Thread 0x00000000555ec000  590       2       com.android.dx.ssa.SsaRenamer$BlockRenamer::addMapping (143 bytes)

GC Heap History (0 events):
No events

Deoptimization events (0 events):
No events

Internal exceptions (10 events):
Event: 3.563 Thread 0x0000000057aa0000 Exception <a 'java/security/PrivilegedActionException'> (0x00000000eb071898) thrown at [D:\re\workspace\8-2-build-windows-amd64-cygwin\jdk8u20\1074\hotspot\src\share\vm\prims\jvm.cpp, line 1275]
Event: 3.565 Thread 0x0000000057aa0000 Exception <a 'java/security/PrivilegedActionException'> (0x00000000eb0770f8) thrown at [D:\re\workspace\8-2-build-windows-amd64-cygwin\jdk8u20\1074\hotspot\src\share\vm\prims\jvm.cpp, line 1275]
Event: 3.579 Thread 0x0000000057aa0000 Exception <a 'java/security/PrivilegedActionException'> (0x00000000eb4c3d20) thrown at [D:\re\workspace\8-2-build-windows-amd64-cygwin\jdk8u20\1074\hotspot\src\share\vm\prims\jvm.cpp, line 1275]
Event: 3.581 Thread 0x0000000057aa0000 Exception <a 'java/security/PrivilegedActionException'> (0x00000000eb4c8fe0) thrown at [D:\re\workspace\8-2-build-windows-amd64-cygwin\jdk8u20\1074\hotspot\src\share\vm\prims\jvm.cpp, line 1275]
Event: 3.584 Thread 0x0000000057aa0000 Exception <a 'java/security/PrivilegedActionException'> (0x00000000eb4ccd20) thrown at [D:\re\workspace\8-2-build-windows-amd64-cygwin\jdk8u20\1074\hotspot\src\share\vm\prims\jvm.cpp, line 1275]
Event: 3.594 Thread 0x0000000057aa0000 Exception <a 'java/security/PrivilegedActionException'> (0x00000000eb4d4e88) thrown at [D:\re\workspace\8-2-build-windows-amd64-cygwin\jdk8u20\1074\hotspot\src\share\vm\prims\jvm.cpp, line 1275]
Event: 3.607 Thread 0x0000000057aa0000 Exception <a 'java/security/PrivilegedActionException'> (0x00000000eb4e5588) thrown at [D:\re\workspace\8-2-build-windows-amd64-cygwin\jdk8u20\1074\hotspot\src\share\vm\prims\jvm.cpp, line 1275]
Event: 3.747 Thread 0x0000000057a98000 Exception <a 'java/security/PrivilegedActionException'> (0x00000000eb48ec50) thrown at [D:\re\workspace\8-2-build-windows-amd64-cygwin\jdk8u20\1074\hotspot\src\share\vm\prims\jvm.cpp, line 1275]
Event: 3.767 Thread 0x000000000244f800 Exception <a 'java/security/PrivilegedActionException'> (0x00000000eb1f71b0) thrown at [D:\re\workspace\8-2-build-windows-amd64-cygwin\jdk8u20\1074\hotspot\src\share\vm\prims\jvm.cpp, line 1275]
Event: 4.219 Thread 0x0000000057aa0000 Exception <a 'java/security/PrivilegedActionException'> (0x00000000eb68f148) thrown at [D:\re\workspace\8-2-build-windows-amd64-cygwin\jdk8u20\1074\hotspot\src\share\vm\prims\jvm.cpp, line 1275]

Events (10 events):
Event: 3.607 loading class com/android/dx/cf/code/BytecodeArray$ConstantParserVisitor
Event: 3.607 loading class com/android/dx/cf/code/BytecodeArray$ConstantParserVisitor done
Event: 3.746 loading class com/android/dx/ssa/back/FirstFitLocalCombiningAllocator$Multiset
Event: 3.746 loading class com/android/dx/ssa/back/FirstFitLocalCombiningAllocator$Multiset done
Event: 3.767 loading class com/android/dx/dex/file/MethodAnnotationStruct
Event: 3.767 loading class com/android/dx/dex/file/MethodAnnotationStruct done
Event: 4.126 loading class java/util/ArrayList$1
Event: 4.128 loading class java/util/ArrayList$1 done
Event: 4.218 loading class com/android/dx/cf/code/SwitchList
Event: 4.218 loading class com/android/dx/cf/code/SwitchList done


Dynamic libraries:
0x000000013ff30000 - 0x000000013ff64000 	C:\Program Files (x86)\Java\jdk1.8.0_20\bin\java.exe
0x00000000774e0000 - 0x0000000077689000 	C:\Windows\SYSTEM32\ntdll.dll
0x00000000772c0000 - 0x00000000773e0000 	C:\Windows\system32\kernel32.dll
0x000007fefd450000 - 0x000007fefd4bc000 	C:\Windows\system32\KERNELBASE.dll
0x0000000074f90000 - 0x0000000075017000 	C:\Windows\System32\SYSFER.DLL
0x000007fefde70000 - 0x000007fefdf4b000 	C:\Windows\system32\ADVAPI32.dll
0x000007fefd650000 - 0x000007fefd6ef000 	C:\Windows\system32\msvcrt.dll
0x000007fefe940000 - 0x000007fefe95f000 	C:\Windows\SYSTEM32\sechost.dll
0x000007fefe560000 - 0x000007fefe68d000 	C:\Windows\system32\RPCRT4.dll
0x00000000773e0000 - 0x00000000774da000 	C:\Windows\system32\USER32.dll
0x000007fefd8c0000 - 0x000007fefd927000 	C:\Windows\system32\GDI32.dll
0x000007fefe690000 - 0x000007fefe69e000 	C:\Windows\system32\LPK.dll
0x000007feff720000 - 0x000007feff7e9000 	C:\Windows\system32\USP10.dll
0x000007fefbcd0000 - 0x000007fefbec4000 	C:\Windows\WinSxS\amd64_microsoft.windows.common-controls_6595b64144ccf1df_6.0.7601.18837_none_fa3b1e3d17594757\COMCTL32.dll
0x000007fefdf50000 - 0x000007fefdfc1000 	C:\Windows\system32\SHLWAPI.dll
0x000007feff6f0000 - 0x000007feff71e000 	C:\Windows\system32\IMM32.DLL
0x000007fefe6a0000 - 0x000007fefe7a9000 	C:\Windows\system32\MSCTF.dll
0x000000005a840000 - 0x000000005a912000 	C:\Program Files (x86)\Java\jdk1.8.0_20\jre\bin\msvcr100.dll
0x0000000055ae0000 - 0x0000000056338000 	C:\Program Files (x86)\Java\jdk1.8.0_20\jre\bin\server\jvm.dll
0x000007fef1b70000 - 0x000007fef1b79000 	C:\Windows\system32\WSOCK32.dll
0x000007fefd770000 - 0x000007fefd7bd000 	C:\Windows\system32\WS2_32.dll
0x000007fefd640000 - 0x000007fefd648000 	C:\Windows\system32\NSI.dll
0x000007fefadd0000 - 0x000007fefae0b000 	C:\Windows\system32\WINMM.dll
0x00000000776a0000 - 0x00000000776a7000 	C:\Windows\system32\PSAPI.DLL
0x0000000070530000 - 0x000000007053f000 	C:\Program Files (x86)\Java\jdk1.8.0_20\jre\bin\verify.dll
0x0000000070050000 - 0x0000000070078000 	C:\Program Files (x86)\Java\jdk1.8.0_20\jre\bin\java.dll
0x0000000070030000 - 0x0000000070046000 	C:\Program Files (x86)\Java\jdk1.8.0_20\jre\bin\zip.dll
0x000007fefe960000 - 0x000007feff6e9000 	C:\Windows\system32\SHELL32.dll
0x000007fefe0b0000 - 0x000007fefe2b3000 	C:\Windows\system32\ole32.dll
0x000007fefd290000 - 0x000007fefd29f000 	C:\Windows\system32\profapi.dll

VM Arguments:
jvm_args: -Xmx1024M -Dfile.encoding=windows-1252 -Duser.country=FR -Duser.language=fr -Duser.variant 
java_command: com.android.dx.command.Main --dex --num-threads=4 --output D:\Users\tamiand\Desktop\projetWhatIEat\projetWhatIEat\WhatIEat\app\build\intermediates\pre-dexed\debug\okio-1.6.0-5ddd28d872877432ff62acf09c6497d10f2ae94b.jar D:\Users\tamiand\.gradle\caches\modules-2\files-2.1\com.squareup.okio\okio\1.6.0\98476622f10715998eacf9240d6b479f12c66143\okio-1.6.0.jar
java_class_path (initial): D:\androidStudio\sdk\build-tools\23.0.1\lib\dx.jar
Launcher Type: SUN_STANDARD

Environment Variables:
JAVA_HOME=C:\Program Files (x86)\Java\jdk1.7.0_67\jre
PATH=C:\Program Files (x86)\Yaws-1.90\bin;C:\ProgramData\Oracle\Java\javapath;C:\Windows\system32;C:\Windows;C:\Windows\System32\Wbem;C:\Windows\System32\WindowsPowerShell\v1.0\;C:\Program Files (x86)\Lenovo\Access Connections\;C:\Program Files (x86)\MySQL\MySQL Utilities 1.4.3\;C:\Program Files (x86)\MySQL\MySQL Utilities 1.4.3\Doctrine extensions for PHP\;D:\apps\apache-maven\apache-maven-3.2.3\bin;C:\Program Files\Java\jdk1.8.0_20;D:\apps\mongodb-2.6.4\bin;C:\MinGW\bin;C:\Python27;C:\Program Files (x86)\Git\bin;C:\Program Files (x86)\swipl\bin;C:\Program Files\TortoiseSVN\bin;C:\Program Files (x86)\Subversion\bin;D:\Users\tamiand\Downloads\scala\sbt\bin;C:\Program Files (x86)\erl6.4\bin;C:\Program Files (x86)\nodejs\;C:\Program Files\PostgreSQL\9.4\bin;C:\Python27\Scripts;D:\apps\apache-maven\apache-maven-3.2.3\bin;C:\Program Files\Java\jdk1.8.0_20\bin;C:\Python27;C:\Program Files (x86)\Git\bin;C:\Program Files (x86)\swipl\bin;C:\Users\tamiand\AppData\Roaming\npm;C:\Program Files\PostgreSQL\9.4\bin
USERNAME=tamiand
OS=Windows_NT
PROCESSOR_IDENTIFIER=Intel64 Family 6 Model 60 Stepping 3, GenuineIntel



---------------  S Y S T E M  ---------------

OS: Windows 7 , 64 bit Build 7601 Service Pack 1

CPU:total 4 (2 cores per cpu, 2 threads per core) family 6 model 60 stepping 3, cmov, cx8, fxsr, mmx, sse, sse2, sse3, ssse3, sse4.1, sse4.2, popcnt, avx, avx2, aes, clmul, erms, rtm, lzcnt, ht, tsc, tscinvbit, bmi1, bmi2

Memory: 4k page, physical 3874556k(681360k free), swap 5420268k(3940k free)

vm_info: Java HotSpot(TM) 64-Bit Server VM (25.20-b23) for windows-amd64 JRE (1.8.0_20-b26), built on Jul 30 2014 13:51:23 by "java_re" with MS VC++ 10.0 (VS2010)

time: Fri Mar 04 10:58:12 2016
elapsed time: 4 seconds (0d 0h 0m 4s)

